4
um
[[100.         180.02777778   0.        ]
 [100.         180.05555556   0.        ]
 [100.         180.08333333   0.        ]
 ...
 [100.         224.94444444   0.        ]
 [100.         224.97222222   0.        ]
 [100.         225.           0.        ]]
100.0 nm from emitter at 180.02777777777777 degrees
-----------
Initializing structure...
ldos0:, 0.0018796992481203006, 0.0010508798083380404
run 0 finished at t = 1500.0 (1500 timesteps)
[0.0010508798083380404]
100.0 nm from emitter at 180.05555555555554 degrees
-----------
Initializing structure...
ldos0:, 0.0018796992481203006, 0.0010506866519622575
run 0 finished at t = 1500.0 (1500 timesteps)
[0.0010506866519622575]
100.0 nm from emitter at 180.08333333333331 degrees
-----------
Initializing structure...
ldos0:, 0.0018796992481203006, 0.0010505972712698802
run 0 finished at t = 1500.0 (1500 timesteps)
[0.0010505972712698802]
100.0 nm from emitter at 180.11111111111111 degrees
-----------
Initializing structure...
ldos0:, 0.0018796992481203006, 0.0010506672020078405
run 0 finished at t = 1500.0 (1500 timesteps)
[0.0010506672020078405]
100.0 nm from emitter at 180.13888888888889 degrees
-----------
Initializing structure...
ldos0:, 0.0018796992481203006, 0.001050826347864838
run 0 finished at t = 1500.0 (1500 timesteps)
[0.001050826347864838]
100.0 nm from emitter at 180.16666666666666 degrees
-----------
Initializing structure...
ldos0:, 0.0018796992481203006, 0.0010505219332214303
run 0 finished at t = 1500.0 (1500 timesteps)
[0.0010505219332214303]
100.0 nm from emitter at 180.19444444444443 degrees
-----------
Initializing structure...
ldos0:, 0.0018796992481203006, 0.0010516738815445066
run 0 finished at t = 1500.0 (1500 timesteps)
[0.0010516738815445066]
100.0 nm from emitter at 180.2222222222222 degrees
-----------
Initializing structure...
ldos0:, 0.0018796992481203006, 0.0010531940618211909
run 0 finished at t = 1500.0 (1500 timesteps)
[0.0010531940618211909]
100.0 nm from emitter at 180.25 degrees
-----------
Initializing structure...
ldos0:, 0.0018796992481203006, 0.0010543187710767249
run 0 finished at t = 1500.0 (1500 timesteps)
[0.0010543187710767249]
100.0 nm from emitter at 180.27777777777777 degrees
-----------
Initializing structure...
ldos0:, 0.0018796992481203006, 0.0010546045752707523
run 0 finished at t = 1500.0 (1500 timesteps)
[0.0010546045752707523]
100.0 nm from emitter at 180.30555555555554 degrees
-----------
Initializing structure...
ldos0:, 0.0018796992481203006, 0.001054174003344694
run 0 finished at t = 1500.0 (1500 timesteps)
[0.001054174003344694]
100.0 nm from emitter at 180.33333333333331 degrees
-----------
Initializing structure...
ldos0:, 0.0018796992481203006, 0.0010540041810943555
run 0 finished at t = 1500.0 (1500 timesteps)
[0.0010540041810943555]
100.0 nm from emitter at 180.36111111111111 degrees
-----------
Initializing structure...
ldos0:, 0.0018796992481203006, 0.001053366586633967
run 0 finished at t = 1500.0 (1500 timesteps)
[0.001053366586633967]
100.0 nm from emitter at 180.38888888888889 degrees
-----------
Initializing structure...
ldos0:, 0.0018796992481203006, 0.001052760919936318
run 0 finished at t = 1500.0 (1500 timesteps)
[0.001052760919936318]
100.0 nm from emitter at 180.41666666666666 degrees
-----------
Initializing structure...
ldos0:, 0.0018796992481203006, 0.0010522633322308773
run 0 finished at t = 1500.0 (1500 timesteps)
[0.0010522633322308773]
100.0 nm from emitter at 180.44444444444443 degrees
-----------
Initializing structure...
ldos0:, 0.0018796992481203006, 0.001051489228911281
run 0 finished at t = 1500.0 (1500 timesteps)
[0.001051489228911281]
100.0 nm from emitter at 180.4722222222222 degrees
-----------
Initializing structure...
ldos0:, 0.0018796992481203006, 0.0010510764241950775
run 0 finished at t = 1500.0 (1500 timesteps)
[0.0010510764241950775]
100.0 nm from emitter at 180.5 degrees
-----------
Initializing structure...
ldos0:, 0.0018796992481203006, 0.0010500888853540772
run 0 finished at t = 1500.0 (1500 timesteps)
[0.0010500888853540772]
100.0 nm from emitter at 180.52777777777777 degrees
-----------
Initializing structure...
ldos0:, 0.0018796992481203006, 0.0010496733158055068
run 0 finished at t = 1500.0 (1500 timesteps)
[0.0010496733158055068]
100.0 nm from emitter at 180.55555555555554 degrees
-----------
Initializing structure...
ldos0:, 0.0018796992481203006, 0.0010497138343486334
run 0 finished at t = 1500.0 (1500 timesteps)
[0.0010497138343486334]
100.0 nm from emitter at 180.58333333333331 degrees
-----------
Initializing structure...
ldos0:, 0.0018796992481203006, 0.001049524688017988
run 0 finished at t = 1500.0 (1500 timesteps)
[0.001049524688017988]
100.0 nm from emitter at 180.61111111111111 degrees
-----------
Initializing structure...
ldos0:, 0.0018796992481203006, 0.0010502560875365534
run 0 finished at t = 1500.0 (1500 timesteps)
[0.0010502560875365534]
100.0 nm from emitter at 180.63888888888889 degrees
-----------
Initializing structure...
ldos0:, 0.0018796992481203006, 0.0010502843372680393
run 0 finished at t = 1500.0 (1500 timesteps)
[0.0010502843372680393]
100.0 nm from emitter at 180.66666666666666 degrees
-----------
Initializing structure...
ldos0:, 0.0018796992481203006, 0.00104949593385515
run 0 finished at t = 1500.0 (1500 timesteps)
[0.00104949593385515]
100.0 nm from emitter at 180.69444444444443 degrees
-----------
Initializing structure...
ldos0:, 0.0018796992481203006, 0.0010498819885991504
run 0 finished at t = 1500.0 (1500 timesteps)
[0.0010498819885991504]
100.0 nm from emitter at 180.7222222222222 degrees
-----------
Initializing structure...
ldos0:, 0.0018796992481203006, 0.0010506233280582313
run 0 finished at t = 1500.0 (1500 timesteps)
[0.0010506233280582313]
100.0 nm from emitter at 180.75 degrees
-----------
Initializing structure...
ldos0:, 0.0018796992481203006, 0.0010501796434689591
run 0 finished at t = 1500.0 (1500 timesteps)
[0.0010501796434689591]
100.0 nm from emitter at 180.77777777777777 degrees
-----------
Initializing structure...
ldos0:, 0.0018796992481203006, 0.0010498545066179633
run 0 finished at t = 1500.0 (1500 timesteps)
[0.0010498545066179633]
100.0 nm from emitter at 180.80555555555554 degrees
-----------
Initializing structure...
ldos0:, 0.0018796992481203006, 0.0010490484500276028
run 0 finished at t = 1500.0 (1500 timesteps)
[0.0010490484500276028]
100.0 nm from emitter at 180.83333333333331 degrees
-----------
Initializing structure...
ldos0:, 0.0018796992481203006, 0.0010498482692747326
run 0 finished at t = 1500.0 (1500 timesteps)
[0.0010498482692747326]
100.0 nm from emitter at 180.86111111111111 degrees
-----------
Initializing structure...
ldos0:, 0.0018796992481203006, 0.001048145867824344
run 0 finished at t = 1500.0 (1500 timesteps)
[0.001048145867824344]
100.0 nm from emitter at 180.88888888888889 degrees
-----------
Initializing structure...
ldos0:, 0.0018796992481203006, 0.001048315824789732
run 0 finished at t = 1500.0 (1500 timesteps)
[0.001048315824789732]
100.0 nm from emitter at 180.91666666666666 degrees
-----------
Initializing structure...
ldos0:, 0.0018796992481203006, 0.0010474448861061058
run 0 finished at t = 1500.0 (1500 timesteps)
[0.0010474448861061058]
100.0 nm from emitter at 180.94444444444443 degrees
-----------
Initializing structure...
ldos0:, 0.0018796992481203006, 0.0010485009400840908
run 0 finished at t = 1500.0 (1500 timesteps)
[0.0010485009400840908]
100.0 nm from emitter at 180.9722222222222 degrees
-----------
Initializing structure...
ldos0:, 0.0018796992481203006, 0.0010477248658563917
run 0 finished at t = 1500.0 (1500 timesteps)
[0.0010477248658563917]
100.0 nm from emitter at 181.0 degrees
-----------
Initializing structure...
ldos0:, 0.0018796992481203006, 0.0010477927593548998
run 0 finished at t = 1500.0 (1500 timesteps)
[0.0010477927593548998]
100.0 nm from emitter at 181.02777777777777 degrees
-----------
Initializing structure...
ldos0:, 0.0018796992481203006, 0.0010466949756252
run 0 finished at t = 1500.0 (1500 timesteps)
[0.0010466949756252]
100.0 nm from emitter at 181.05555555555554 degrees
-----------
Initializing structure...
ldos0:, 0.0018796992481203006, 0.0010466401572343644
run 0 finished at t = 1500.0 (1500 timesteps)
[0.0010466401572343644]
100.0 nm from emitter at 181.08333333333331 degrees
-----------
Initializing structure...
ldos0:, 0.0018796992481203006, 0.001045768298074946
run 0 finished at t = 1500.0 (1500 timesteps)
[0.001045768298074946]
100.0 nm from emitter at 181.11111111111111 degrees
-----------
Initializing structure...
ldos0:, 0.0018796992481203006, 0.0010456898282646448
run 0 finished at t = 1500.0 (1500 timesteps)
[0.0010456898282646448]
100.0 nm from emitter at 181.13888888888889 degrees
-----------
Initializing structure...
ldos0:, 0.0018796992481203006, 0.0010473837064644
run 0 finished at t = 1500.0 (1500 timesteps)
[0.0010473837064644]
100.0 nm from emitter at 181.16666666666666 degrees
-----------
Initializing structure...
ldos0:, 0.0018796992481203006, 0.0010465469807994943
run 0 finished at t = 1500.0 (1500 timesteps)
[0.0010465469807994943]
100.0 nm from emitter at 181.19444444444443 degrees
-----------
Initializing structure...
ldos0:, 0.0018796992481203006, 0.001046564401420836
run 0 finished at t = 1500.0 (1500 timesteps)
[0.001046564401420836]
100.0 nm from emitter at 181.2222222222222 degrees
-----------
Initializing structure...
ldos0:, 0.0018796992481203006, 0.001045241714844056
run 0 finished at t = 1500.0 (1500 timesteps)
[0.001045241714844056]
100.0 nm from emitter at 181.25 degrees
-----------
Initializing structure...
ldos0:, 0.0018796992481203006, 0.0010449273343634772
run 0 finished at t = 1500.0 (1500 timesteps)
[0.0010449273343634772]
100.0 nm from emitter at 181.27777777777777 degrees
-----------
Initializing structure...
ldos0:, 0.0018796992481203006, 0.0010436022187808901
run 0 finished at t = 1500.0 (1500 timesteps)
[0.0010436022187808901]
100.0 nm from emitter at 181.30555555555554 degrees
-----------
Initializing structure...
ldos0:, 0.0018796992481203006, 0.0010428823770854282
run 0 finished at t = 1500.0 (1500 timesteps)
[0.0010428823770854282]
100.0 nm from emitter at 181.33333333333331 degrees
-----------
Initializing structure...
ldos0:, 0.0018796992481203006, 0.0010420022858764625
run 0 finished at t = 1500.0 (1500 timesteps)
[0.0010420022858764625]
100.0 nm from emitter at 181.36111111111111 degrees
-----------
Initializing structure...
ldos0:, 0.0018796992481203006, 0.0010427287289815836
run 0 finished at t = 1500.0 (1500 timesteps)
[0.0010427287289815836]
100.0 nm from emitter at 181.38888888888889 degrees
-----------
Initializing structure...
ldos0:, 0.0018796992481203006, 0.00104231509186341
run 0 finished at t = 1500.0 (1500 timesteps)
[0.00104231509186341]
100.0 nm from emitter at 181.41666666666666 degrees
-----------
Initializing structure...
ldos0:, 0.0018796992481203006, 0.0010440905587043568
run 0 finished at t = 1500.0 (1500 timesteps)
[0.0010440905587043568]
100.0 nm from emitter at 181.44444444444443 degrees
-----------
Initializing structure...
ldos0:, 0.0018796992481203006, 0.0010421539180904458
run 0 finished at t = 1500.0 (1500 timesteps)
[0.0010421539180904458]
100.0 nm from emitter at 181.4722222222222 degrees
-----------
Initializing structure...
ldos0:, 0.0018796992481203006, 0.001041866037189843
run 0 finished at t = 1500.0 (1500 timesteps)
[0.001041866037189843]
100.0 nm from emitter at 181.5 degrees
-----------
Initializing structure...
ldos0:, 0.0018796992481203006, 0.0010423104662152403
run 0 finished at t = 1500.0 (1500 timesteps)
[0.0010423104662152403]
100.0 nm from emitter at 181.52777777777777 degrees
-----------
Initializing structure...
ldos0:, 0.0018796992481203006, 0.001042104815254771
run 0 finished at t = 1500.0 (1500 timesteps)
[0.001042104815254771]
100.0 nm from emitter at 181.55555555555554 degrees
-----------
Initializing structure...
ldos0:, 0.0018796992481203006, 0.0010427177647897887
run 0 finished at t = 1500.0 (1500 timesteps)
[0.0010427177647897887]
100.0 nm from emitter at 181.58333333333331 degrees
-----------
Initializing structure...
ldos0:, 0.0018796992481203006, 0.0010420685062353249
run 0 finished at t = 1500.0 (1500 timesteps)
[0.0010420685062353249]
100.0 nm from emitter at 181.61111111111111 degrees
-----------
Initializing structure...
ldos0:, 0.0018796992481203006, 0.0010417456378747848
run 0 finished at t = 1500.0 (1500 timesteps)
[0.0010417456378747848]
100.0 nm from emitter at 181.63888888888889 degrees
-----------
Initializing structure...
ldos0:, 0.0018796992481203006, 0.0010401131992834427
run 0 finished at t = 1500.0 (1500 timesteps)
[0.0010401131992834427]
100.0 nm from emitter at 181.66666666666666 degrees
-----------
Initializing structure...
ldos0:, 0.0018796992481203006, 0.0010397283281444517
run 0 finished at t = 1500.0 (1500 timesteps)
[0.0010397283281444517]
100.0 nm from emitter at 181.69444444444443 degrees
-----------
Initializing structure...
ldos0:, 0.0018796992481203006, 0.0010392712466579497
run 0 finished at t = 1500.0 (1500 timesteps)
[0.0010392712466579497]
100.0 nm from emitter at 181.7222222222222 degrees
-----------
Initializing structure...
ldos0:, 0.0018796992481203006, 0.0010390308861468207
run 0 finished at t = 1500.0 (1500 timesteps)
[0.0010390308861468207]
100.0 nm from emitter at 181.75 degrees
-----------
Initializing structure...
ldos0:, 0.0018796992481203006, 0.0010392426906668424
run 0 finished at t = 1500.0 (1500 timesteps)
[0.0010392426906668424]
100.0 nm from emitter at 181.77777777777777 degrees
-----------
Initializing structure...
ldos0:, 0.0018796992481203006, 0.0010389626810296709
run 0 finished at t = 1500.0 (1500 timesteps)
[0.0010389626810296709]
100.0 nm from emitter at 181.80555555555554 degrees
-----------
Initializing structure...
ldos0:, 0.0018796992481203006, 0.0010387244066104634
run 0 finished at t = 1500.0 (1500 timesteps)
[0.0010387244066104634]
100.0 nm from emitter at 181.83333333333331 degrees
-----------
Initializing structure...
ldos0:, 0.0018796992481203006, 0.0010416368207470735
run 0 finished at t = 1500.0 (1500 timesteps)
[0.0010416368207470735]
100.0 nm from emitter at 181.86111111111111 degrees
-----------
Initializing structure...
ldos0:, 0.0018796992481203006, 0.0010419878583171778
run 0 finished at t = 1500.0 (1500 timesteps)
[0.0010419878583171778]
100.0 nm from emitter at 181.88888888888889 degrees
-----------
Initializing structure...
ldos0:, 0.0018796992481203006, 0.0010394723444460316
run 0 finished at t = 1500.0 (1500 timesteps)
[0.0010394723444460316]
100.0 nm from emitter at 181.91666666666666 degrees
-----------
Initializing structure...
ldos0:, 0.0018796992481203006, 0.0010392121511769506
run 0 finished at t = 1500.0 (1500 timesteps)
[0.0010392121511769506]
100.0 nm from emitter at 181.94444444444443 degrees
-----------
Initializing structure...
ldos0:, 0.0018796992481203006, 0.0010394216519262196
run 0 finished at t = 1500.0 (1500 timesteps)
[0.0010394216519262196]
100.0 nm from emitter at 181.9722222222222 degrees
-----------
Initializing structure...
ldos0:, 0.0018796992481203006, 0.0010405714302818524
run 0 finished at t = 1500.0 (1500 timesteps)
[0.0010405714302818524]
100.0 nm from emitter at 182.0 degrees
-----------
Initializing structure...
ldos0:, 0.0018796992481203006, 0.0010405863245790128
run 0 finished at t = 1500.0 (1500 timesteps)
[0.0010405863245790128]
100.0 nm from emitter at 182.02777777777777 degrees
-----------
Initializing structure...
ldos0:, 0.0018796992481203006, 0.0010403398630291403
run 0 finished at t = 1500.0 (1500 timesteps)
[0.0010403398630291403]
100.0 nm from emitter at 182.05555555555554 degrees
-----------
Initializing structure...
ldos0:, 0.0018796992481203006, 0.0010406570563821441
run 0 finished at t = 1500.0 (1500 timesteps)
[0.0010406570563821441]
100.0 nm from emitter at 182.08333333333331 degrees
-----------
Initializing structure...
ldos0:, 0.0018796992481203006, 0.0010409254572612012
run 0 finished at t = 1500.0 (1500 timesteps)
[0.0010409254572612012]
100.0 nm from emitter at 182.11111111111111 degrees
-----------
Initializing structure...
ldos0:, 0.0018796992481203006, 0.0010436320573452165
run 0 finished at t = 1500.0 (1500 timesteps)
[0.0010436320573452165]
100.0 nm from emitter at 182.13888888888889 degrees
-----------
Initializing structure...
ldos0:, 0.0018796992481203006, 0.001044934335774468
run 0 finished at t = 1500.0 (1500 timesteps)
[0.001044934335774468]
100.0 nm from emitter at 182.16666666666666 degrees
-----------
Initializing structure...
ldos0:, 0.0018796992481203006, 0.0010461352355827039
run 0 finished at t = 1500.0 (1500 timesteps)
[0.0010461352355827039]
100.0 nm from emitter at 182.19444444444443 degrees
-----------
Initializing structure...
ldos0:, 0.0018796992481203006, 0.001045589958248838
run 0 finished at t = 1500.0 (1500 timesteps)
[0.001045589958248838]
100.0 nm from emitter at 182.2222222222222 degrees
-----------
Initializing structure...
ldos0:, 0.0018796992481203006, 0.001045250149681468
run 0 finished at t = 1500.0 (1500 timesteps)
[0.001045250149681468]
100.0 nm from emitter at 182.25 degrees
-----------
Initializing structure...
ldos0:, 0.0018796992481203006, 0.0010412919535788816
run 0 finished at t = 1500.0 (1500 timesteps)
[0.0010412919535788816]
100.0 nm from emitter at 182.27777777777777 degrees
-----------
Initializing structure...
ldos0:, 0.0018796992481203006, 0.0010429236627951522
run 0 finished at t = 1500.0 (1500 timesteps)
[0.0010429236627951522]
100.0 nm from emitter at 182.30555555555554 degrees
-----------
Initializing structure...
ldos0:, 0.0018796992481203006, 0.001042823062984572
run 0 finished at t = 1500.0 (1500 timesteps)
[0.001042823062984572]
100.0 nm from emitter at 182.33333333333331 degrees
-----------
Initializing structure...
ldos0:, 0.0018796992481203006, 0.001042612250294926
run 0 finished at t = 1500.0 (1500 timesteps)
[0.001042612250294926]
100.0 nm from emitter at 182.36111111111111 degrees
-----------
Initializing structure...
ldos0:, 0.0018796992481203006, 0.0010410427647516974
run 0 finished at t = 1500.0 (1500 timesteps)
[0.0010410427647516974]
100.0 nm from emitter at 182.38888888888889 degrees
-----------
Initializing structure...
ldos0:, 0.0018796992481203006, 0.0010401227471359274
run 0 finished at t = 1500.0 (1500 timesteps)
[0.0010401227471359274]
100.0 nm from emitter at 182.41666666666666 degrees
-----------
Initializing structure...
ldos0:, 0.0018796992481203006, 0.0010416655277599492
run 0 finished at t = 1500.0 (1500 timesteps)
[0.0010416655277599492]
100.0 nm from emitter at 182.44444444444443 degrees
-----------
Initializing structure...
ldos0:, 0.0018796992481203006, 0.0010396756923473425
run 0 finished at t = 1500.0 (1500 timesteps)
[0.0010396756923473425]
100.0 nm from emitter at 182.4722222222222 degrees
-----------
Initializing structure...
ldos0:, 0.0018796992481203006, 0.0010400715384282712
run 0 finished at t = 1500.0 (1500 timesteps)
[0.0010400715384282712]
100.0 nm from emitter at 182.5 degrees
-----------
Initializing structure...
ldos0:, 0.0018796992481203006, 0.0010404973177900172
run 0 finished at t = 1500.0 (1500 timesteps)
[0.0010404973177900172]
100.0 nm from emitter at 182.52777777777777 degrees
-----------
Initializing structure...
ldos0:, 0.0018796992481203006, 0.0010396269625862096
run 0 finished at t = 1500.0 (1500 timesteps)
[0.0010396269625862096]
100.0 nm from emitter at 182.55555555555554 degrees
-----------
Initializing structure...
ldos0:, 0.0018796992481203006, 0.0010393628627565982
run 0 finished at t = 1500.0 (1500 timesteps)
[0.0010393628627565982]
100.0 nm from emitter at 182.58333333333331 degrees
-----------
Initializing structure...
ldos0:, 0.0018796992481203006, 0.0010403550082963094
run 0 finished at t = 1500.0 (1500 timesteps)
[0.0010403550082963094]
100.0 nm from emitter at 182.61111111111111 degrees
-----------
Initializing structure...
ldos0:, 0.0018796992481203006, 0.001042263031166804
run 0 finished at t = 1500.0 (1500 timesteps)
[0.001042263031166804]
100.0 nm from emitter at 182.63888888888889 degrees
-----------
Initializing structure...
ldos0:, 0.0018796992481203006, 0.0010424229833200555
run 0 finished at t = 1500.0 (1500 timesteps)
[0.0010424229833200555]
100.0 nm from emitter at 182.66666666666666 degrees
-----------
Initializing structure...
ldos0:, 0.0018796992481203006, 0.001043057077468922
run 0 finished at t = 1500.0 (1500 timesteps)
[0.001043057077468922]
100.0 nm from emitter at 182.69444444444443 degrees
-----------
Initializing structure...
ldos0:, 0.0018796992481203006, 0.0010442632608035766
run 0 finished at t = 1500.0 (1500 timesteps)
[0.0010442632608035766]
100.0 nm from emitter at 182.7222222222222 degrees
-----------
Initializing structure...
ldos0:, 0.0018796992481203006, 0.0010436860034101344
run 0 finished at t = 1500.0 (1500 timesteps)
[0.0010436860034101344]
100.0 nm from emitter at 182.75 degrees
-----------
Initializing structure...
ldos0:, 0.0018796992481203006, 0.0010446422819895883
run 0 finished at t = 1500.0 (1500 timesteps)
[0.0010446422819895883]
100.0 nm from emitter at 182.77777777777777 degrees
-----------
Initializing structure...
ldos0:, 0.0018796992481203006, 0.0010400537213200575
run 0 finished at t = 1500.0 (1500 timesteps)
[0.0010400537213200575]
100.0 nm from emitter at 182.80555555555554 degrees
-----------
Initializing structure...
ldos0:, 0.0018796992481203006, 0.0010412537407076163
run 0 finished at t = 1500.0 (1500 timesteps)
[0.0010412537407076163]
100.0 nm from emitter at 182.83333333333331 degrees
-----------
Initializing structure...
ldos0:, 0.0018796992481203006, 0.0010421139803534938
run 0 finished at t = 1500.0 (1500 timesteps)
[0.0010421139803534938]
100.0 nm from emitter at 182.86111111111111 degrees
-----------
Initializing structure...
ldos0:, 0.0018796992481203006, 0.0010422244676988497
run 0 finished at t = 1500.0 (1500 timesteps)
[0.0010422244676988497]
100.0 nm from emitter at 182.88888888888889 degrees
-----------
Initializing structure...
ldos0:, 0.0018796992481203006, 0.0010422112115131353
run 0 finished at t = 1500.0 (1500 timesteps)
[0.0010422112115131353]
100.0 nm from emitter at 182.91666666666666 degrees
-----------
Initializing structure...
ldos0:, 0.0018796992481203006, 0.0010419875438208276
run 0 finished at t = 1500.0 (1500 timesteps)
[0.0010419875438208276]
100.0 nm from emitter at 182.94444444444443 degrees
-----------
Initializing structure...
ldos0:, 0.0018796992481203006, 0.0010419794757877538
run 0 finished at t = 1500.0 (1500 timesteps)
[0.0010419794757877538]
100.0 nm from emitter at 182.9722222222222 degrees
-----------
Initializing structure...
ldos0:, 0.0018796992481203006, 0.0010433514021405553
run 0 finished at t = 1500.0 (1500 timesteps)
[0.0010433514021405553]
100.0 nm from emitter at 183.0 degrees
-----------
Initializing structure...
ldos0:, 0.0018796992481203006, 0.0010433096194795194
run 0 finished at t = 1500.0 (1500 timesteps)
[0.0010433096194795194]
100.0 nm from emitter at 183.02777777777777 degrees
-----------
Initializing structure...
ldos0:, 0.0018796992481203006, 0.001043664598170416
run 0 finished at t = 1500.0 (1500 timesteps)
[0.001043664598170416]
100.0 nm from emitter at 183.05555555555554 degrees
-----------
Initializing structure...
ldos0:, 0.0018796992481203006, 0.0010437160233649307
run 0 finished at t = 1500.0 (1500 timesteps)
[0.0010437160233649307]
100.0 nm from emitter at 183.08333333333331 degrees
-----------
Initializing structure...
ldos0:, 0.0018796992481203006, 0.001045449722310338
run 0 finished at t = 1500.0 (1500 timesteps)
[0.001045449722310338]
100.0 nm from emitter at 183.11111111111111 degrees
-----------
Initializing structure...
ldos0:, 0.0018796992481203006, 0.0010453735639451788
run 0 finished at t = 1500.0 (1500 timesteps)
[0.0010453735639451788]
100.0 nm from emitter at 183.13888888888889 degrees
-----------
Initializing structure...
ldos0:, 0.0018796992481203006, 0.001044692672307093
run 0 finished at t = 1500.0 (1500 timesteps)
[0.001044692672307093]
100.0 nm from emitter at 183.16666666666666 degrees
-----------
Initializing structure...
ldos0:, 0.0018796992481203006, 0.0010464489032458019
run 0 finished at t = 1500.0 (1500 timesteps)
[0.0010464489032458019]
100.0 nm from emitter at 183.19444444444443 degrees
-----------
Initializing structure...
ldos0:, 0.0018796992481203006, 0.0010449391735407548
run 0 finished at t = 1500.0 (1500 timesteps)
[0.0010449391735407548]
100.0 nm from emitter at 183.2222222222222 degrees
-----------
Initializing structure...
ldos0:, 0.0018796992481203006, 0.001045604508274012
run 0 finished at t = 1500.0 (1500 timesteps)
[0.001045604508274012]
100.0 nm from emitter at 183.25 degrees
-----------
Initializing structure...
ldos0:, 0.0018796992481203006, 0.0010488700465486568
run 0 finished at t = 1500.0 (1500 timesteps)
[0.0010488700465486568]
100.0 nm from emitter at 183.27777777777777 degrees
-----------
Initializing structure...
ldos0:, 0.0018796992481203006, 0.0010505813483473563
run 0 finished at t = 1500.0 (1500 timesteps)
[0.0010505813483473563]
100.0 nm from emitter at 183.30555555555554 degrees
-----------
Initializing structure...
ldos0:, 0.0018796992481203006, 0.001052110460588548
run 0 finished at t = 1500.0 (1500 timesteps)
[0.001052110460588548]
100.0 nm from emitter at 183.33333333333331 degrees
-----------
Initializing structure...
ldos0:, 0.0018796992481203006, 0.0010533393023629454
run 0 finished at t = 1500.0 (1500 timesteps)
[0.0010533393023629454]
100.0 nm from emitter at 183.36111111111111 degrees
-----------
Initializing structure...
ldos0:, 0.0018796992481203006, 0.0010526993950633803
run 0 finished at t = 1500.0 (1500 timesteps)
[0.0010526993950633803]
100.0 nm from emitter at 183.38888888888889 degrees
-----------
Initializing structure...
ldos0:, 0.0018796992481203006, 0.0010530126022848896
run 0 finished at t = 1500.0 (1500 timesteps)
[0.0010530126022848896]
100.0 nm from emitter at 183.41666666666666 degrees
-----------
Initializing structure...
ldos0:, 0.0018796992481203006, 0.0010535512278892084
run 0 finished at t = 1500.0 (1500 timesteps)
[0.0010535512278892084]
100.0 nm from emitter at 183.44444444444443 degrees
-----------
Initializing structure...
ldos0:, 0.0018796992481203006, 0.0010547093215803299
run 0 finished at t = 1500.0 (1500 timesteps)
[0.0010547093215803299]
100.0 nm from emitter at 183.4722222222222 degrees
-----------
Initializing structure...
ldos0:, 0.0018796992481203006, 0.0010548120037800791
run 0 finished at t = 1500.0 (1500 timesteps)
[0.0010548120037800791]
100.0 nm from emitter at 183.5 degrees
-----------
Initializing structure...
ldos0:, 0.0018796992481203006, 0.0010548751187382977
run 0 finished at t = 1500.0 (1500 timesteps)
[0.0010548751187382977]
100.0 nm from emitter at 183.52777777777777 degrees
-----------
Initializing structure...
ldos0:, 0.0018796992481203006, 0.001053685585581466
run 0 finished at t = 1500.0 (1500 timesteps)
[0.001053685585581466]
100.0 nm from emitter at 183.55555555555554 degrees
-----------
Initializing structure...
ldos0:, 0.0018796992481203006, 0.0010536174552318238
run 0 finished at t = 1500.0 (1500 timesteps)
[0.0010536174552318238]
100.0 nm from emitter at 183.58333333333331 degrees
-----------
Initializing structure...
ldos0:, 0.0018796992481203006, 0.001048797191250984
run 0 finished at t = 1500.0 (1500 timesteps)
[0.001048797191250984]
100.0 nm from emitter at 183.61111111111111 degrees
-----------
Initializing structure...
ldos0:, 0.0018796992481203006, 0.001047127126748623
run 0 finished at t = 1500.0 (1500 timesteps)
[0.001047127126748623]
100.0 nm from emitter at 183.63888888888889 degrees
-----------
Initializing structure...
ldos0:, 0.0018796992481203006, 0.0010447652916400593
run 0 finished at t = 1500.0 (1500 timesteps)
[0.0010447652916400593]
100.0 nm from emitter at 183.66666666666666 degrees
-----------
Initializing structure...
ldos0:, 0.0018796992481203006, 0.001045283736277079
run 0 finished at t = 1500.0 (1500 timesteps)
[0.001045283736277079]
100.0 nm from emitter at 183.69444444444443 degrees
-----------
Initializing structure...
ldos0:, 0.0018796992481203006, 0.0010465011845049853
run 0 finished at t = 1500.0 (1500 timesteps)
[0.0010465011845049853]
100.0 nm from emitter at 183.7222222222222 degrees
-----------
Initializing structure...
ldos0:, 0.0018796992481203006, 0.00104674037020411
run 0 finished at t = 1500.0 (1500 timesteps)
[0.00104674037020411]
100.0 nm from emitter at 183.75 degrees
-----------
Initializing structure...
ldos0:, 0.0018796992481203006, 0.001047626498322318
run 0 finished at t = 1500.0 (1500 timesteps)
[0.001047626498322318]
100.0 nm from emitter at 183.77777777777777 degrees
-----------
Initializing structure...
ldos0:, 0.0018796992481203006, 0.0010611423466245812
run 0 finished at t = 1500.0 (1500 timesteps)
[0.0010611423466245812]
100.0 nm from emitter at 183.80555555555554 degrees
-----------
Initializing structure...
ldos0:, 0.0018796992481203006, 0.0010615024947743007
run 0 finished at t = 1500.0 (1500 timesteps)
[0.0010615024947743007]
100.0 nm from emitter at 183.83333333333331 degrees
-----------
Initializing structure...
ldos0:, 0.0018796992481203006, 0.0010619470731521087
run 0 finished at t = 1500.0 (1500 timesteps)
[0.0010619470731521087]
100.0 nm from emitter at 183.86111111111111 degrees
-----------
Initializing structure...
ldos0:, 0.0018796992481203006, 0.0010607659634954125
run 0 finished at t = 1500.0 (1500 timesteps)
[0.0010607659634954125]
100.0 nm from emitter at 183.88888888888889 degrees
-----------
Initializing structure...
ldos0:, 0.0018796992481203006, 0.0010606292031036702
run 0 finished at t = 1500.0 (1500 timesteps)
[0.0010606292031036702]
100.0 nm from emitter at 183.91666666666666 degrees
-----------
Initializing structure...
ldos0:, 0.0018796992481203006, 0.001058768590567468
run 0 finished at t = 1500.0 (1500 timesteps)
[0.001058768590567468]
100.0 nm from emitter at 183.94444444444443 degrees
-----------
Initializing structure...
ldos0:, 0.0018796992481203006, 0.0010587516039785303
run 0 finished at t = 1500.0 (1500 timesteps)
[0.0010587516039785303]
100.0 nm from emitter at 183.9722222222222 degrees
-----------
Initializing structure...
ldos0:, 0.0018796992481203006, 0.001058845524139603
run 0 finished at t = 1500.0 (1500 timesteps)
[0.001058845524139603]
100.0 nm from emitter at 184.0 degrees
-----------
Initializing structure...
ldos0:, 0.0018796992481203006, 0.001059186986159189
run 0 finished at t = 1500.0 (1500 timesteps)
[0.001059186986159189]
100.0 nm from emitter at 184.02777777777777 degrees
-----------
Initializing structure...
ldos0:, 0.0018796992481203006, 0.0010594494208592078
run 0 finished at t = 1500.0 (1500 timesteps)
[0.0010594494208592078]
100.0 nm from emitter at 184.05555555555554 degrees
-----------
Initializing structure...
ldos0:, 0.0018796992481203006, 0.0010613769210200473
run 0 finished at t = 1500.0 (1500 timesteps)
[0.0010613769210200473]
100.0 nm from emitter at 184.08333333333331 degrees
-----------
Initializing structure...
ldos0:, 0.0018796992481203006, 0.0010627689183901204
run 0 finished at t = 1500.0 (1500 timesteps)
[0.0010627689183901204]
100.0 nm from emitter at 184.11111111111111 degrees
-----------
Initializing structure...
ldos0:, 0.0018796992481203006, 0.0010625376735659544
run 0 finished at t = 1500.0 (1500 timesteps)
[0.0010625376735659544]
100.0 nm from emitter at 184.13888888888889 degrees
-----------
Initializing structure...
ldos0:, 0.0018796992481203006, 0.0010617070852022923
run 0 finished at t = 1500.0 (1500 timesteps)
[0.0010617070852022923]
100.0 nm from emitter at 184.16666666666666 degrees
-----------
Initializing structure...
ldos0:, 0.0018796992481203006, 0.0010619034338502182
run 0 finished at t = 1500.0 (1500 timesteps)
[0.0010619034338502182]
100.0 nm from emitter at 184.19444444444443 degrees
-----------
Initializing structure...
ldos0:, 0.0018796992481203006, 0.001062205150224467
run 0 finished at t = 1500.0 (1500 timesteps)
[0.001062205150224467]
100.0 nm from emitter at 184.2222222222222 degrees
-----------
Initializing structure...
ldos0:, 0.0018796992481203006, 0.0010621678669868987
run 0 finished at t = 1500.0 (1500 timesteps)
[0.0010621678669868987]
100.0 nm from emitter at 184.25 degrees
-----------
Initializing structure...
ldos0:, 0.0018796992481203006, 0.0010630843762799887
run 0 finished at t = 1500.0 (1500 timesteps)
[0.0010630843762799887]
100.0 nm from emitter at 184.27777777777777 degrees
-----------
Initializing structure...
ldos0:, 0.0018796992481203006, 0.0010632654404071603
run 0 finished at t = 1500.0 (1500 timesteps)
[0.0010632654404071603]
100.0 nm from emitter at 184.30555555555554 degrees
-----------
Initializing structure...
ldos0:, 0.0018796992481203006, 0.0010636703562330904
run 0 finished at t = 1500.0 (1500 timesteps)
[0.0010636703562330904]
100.0 nm from emitter at 184.33333333333331 degrees
-----------
Initializing structure...
ldos0:, 0.0018796992481203006, 0.0010648922804313721
run 0 finished at t = 1500.0 (1500 timesteps)
[0.0010648922804313721]
100.0 nm from emitter at 184.36111111111111 degrees
-----------
Initializing structure...
ldos0:, 0.0018796992481203006, 0.0010650725997830557
run 0 finished at t = 1500.0 (1500 timesteps)
[0.0010650725997830557]
100.0 nm from emitter at 184.38888888888889 degrees
-----------
Initializing structure...
ldos0:, 0.0018796992481203006, 0.0010629680714048903
run 0 finished at t = 1500.0 (1500 timesteps)
[0.0010629680714048903]
100.0 nm from emitter at 184.41666666666666 degrees
-----------
Initializing structure...
ldos0:, 0.0018796992481203006, 0.0010635813142044715
run 0 finished at t = 1500.0 (1500 timesteps)
[0.0010635813142044715]
100.0 nm from emitter at 184.44444444444443 degrees
-----------
Initializing structure...
ldos0:, 0.0018796992481203006, 0.0010635250960013762
run 0 finished at t = 1500.0 (1500 timesteps)
[0.0010635250960013762]
100.0 nm from emitter at 184.4722222222222 degrees
-----------
Initializing structure...
ldos0:, 0.0018796992481203006, 0.0010635808530730405
run 0 finished at t = 1500.0 (1500 timesteps)
[0.0010635808530730405]
100.0 nm from emitter at 184.5 degrees
-----------
Initializing structure...
ldos0:, 0.0018796992481203006, 0.001063926298287394
run 0 finished at t = 1500.0 (1500 timesteps)
[0.001063926298287394]
100.0 nm from emitter at 184.52777777777777 degrees
-----------
Initializing structure...
ldos0:, 0.0018796992481203006, 0.0010637792453266374
run 0 finished at t = 1500.0 (1500 timesteps)
[0.0010637792453266374]
100.0 nm from emitter at 184.55555555555554 degrees
-----------
Initializing structure...
ldos0:, 0.0018796992481203006, 0.0010702907000751465
run 0 finished at t = 1500.0 (1500 timesteps)
[0.0010702907000751465]
100.0 nm from emitter at 184.58333333333331 degrees
-----------
Initializing structure...
ldos0:, 0.0018796992481203006, 0.0010675544569428573
run 0 finished at t = 1500.0 (1500 timesteps)
[0.0010675544569428573]
100.0 nm from emitter at 184.61111111111111 degrees
-----------
Initializing structure...
ldos0:, 0.0018796992481203006, 0.001067485672799249
run 0 finished at t = 1500.0 (1500 timesteps)
[0.001067485672799249]
100.0 nm from emitter at 184.63888888888889 degrees
-----------
Initializing structure...
ldos0:, 0.0018796992481203006, 0.0010679664863713382
run 0 finished at t = 1500.0 (1500 timesteps)
[0.0010679664863713382]
100.0 nm from emitter at 184.66666666666666 degrees
-----------
Initializing structure...
ldos0:, 0.0018796992481203006, 0.0010698002599121505
run 0 finished at t = 1500.0 (1500 timesteps)
[0.0010698002599121505]
100.0 nm from emitter at 184.69444444444443 degrees
-----------
Initializing structure...
ldos0:, 0.0018796992481203006, 0.0010695767788707203
run 0 finished at t = 1500.0 (1500 timesteps)
[0.0010695767788707203]
100.0 nm from emitter at 184.7222222222222 degrees
-----------
Initializing structure...
ldos0:, 0.0018796992481203006, 0.0010693285058669118
run 0 finished at t = 1500.0 (1500 timesteps)
[0.0010693285058669118]
100.0 nm from emitter at 184.75 degrees
-----------
Initializing structure...
ldos0:, 0.0018796992481203006, 0.0010690813012899378
run 0 finished at t = 1500.0 (1500 timesteps)
[0.0010690813012899378]
100.0 nm from emitter at 184.77777777777777 degrees
-----------
Initializing structure...
ldos0:, 0.0018796992481203006, 0.0010696630400594859
run 0 finished at t = 1500.0 (1500 timesteps)
[0.0010696630400594859]
100.0 nm from emitter at 184.80555555555554 degrees
-----------
Initializing structure...
ldos0:, 0.0018796992481203006, 0.0010699109323366331
run 0 finished at t = 1500.0 (1500 timesteps)
[0.0010699109323366331]
100.0 nm from emitter at 184.83333333333331 degrees
-----------
Initializing structure...
ldos0:, 0.0018796992481203006, 0.0010695026527211533
run 0 finished at t = 1500.0 (1500 timesteps)
[0.0010695026527211533]
100.0 nm from emitter at 184.86111111111111 degrees
-----------
Initializing structure...
ldos0:, 0.0018796992481203006, 0.001069824612265356
run 0 finished at t = 1500.0 (1500 timesteps)
[0.001069824612265356]
100.0 nm from emitter at 184.88888888888889 degrees
-----------
Initializing structure...
ldos0:, 0.0018796992481203006, 0.0010680642083240742
run 0 finished at t = 1500.0 (1500 timesteps)
[0.0010680642083240742]
100.0 nm from emitter at 184.91666666666666 degrees
-----------
Initializing structure...
ldos0:, 0.0018796992481203006, 0.0010666493418468393
run 0 finished at t = 1500.0 (1500 timesteps)
[0.0010666493418468393]
100.0 nm from emitter at 184.94444444444443 degrees
-----------
Initializing structure...
ldos0:, 0.0018796992481203006, 0.0010662921691596758
run 0 finished at t = 1500.0 (1500 timesteps)
[0.0010662921691596758]
100.0 nm from emitter at 184.9722222222222 degrees
-----------
Initializing structure...
ldos0:, 0.0018796992481203006, 0.0010667229551385349
run 0 finished at t = 1500.0 (1500 timesteps)
[0.0010667229551385349]
100.0 nm from emitter at 185.0 degrees
-----------
Initializing structure...
ldos0:, 0.0018796992481203006, 0.0010695139661640375
run 0 finished at t = 1500.0 (1500 timesteps)
[0.0010695139661640375]
100.0 nm from emitter at 185.02777777777777 degrees
-----------
Initializing structure...
ldos0:, 0.0018796992481203006, 0.0010637806343755758
run 0 finished at t = 1500.0 (1500 timesteps)
[0.0010637806343755758]
100.0 nm from emitter at 185.05555555555554 degrees
-----------
Initializing structure...
ldos0:, 0.0018796992481203006, 0.0010637946415776932
run 0 finished at t = 1500.0 (1500 timesteps)
[0.0010637946415776932]
100.0 nm from emitter at 185.08333333333331 degrees
-----------
Initializing structure...
ldos0:, 0.0018796992481203006, 0.001064581615075176
run 0 finished at t = 1500.0 (1500 timesteps)
[0.001064581615075176]
100.0 nm from emitter at 185.11111111111111 degrees
-----------
Initializing structure...
ldos0:, 0.0018796992481203006, 0.0010639124200919896
run 0 finished at t = 1500.0 (1500 timesteps)
[0.0010639124200919896]
100.0 nm from emitter at 185.13888888888889 degrees
-----------
Initializing structure...
ldos0:, 0.0018796992481203006, 0.0010640956952610516
run 0 finished at t = 1500.0 (1500 timesteps)
[0.0010640956952610516]
100.0 nm from emitter at 185.16666666666666 degrees
-----------
Initializing structure...
ldos0:, 0.0018796992481203006, 0.0010643896385494303
run 0 finished at t = 1500.0 (1500 timesteps)
[0.0010643896385494303]
100.0 nm from emitter at 185.19444444444443 degrees
-----------
Initializing structure...
ldos0:, 0.0018796992481203006, 0.0010646881895491362
run 0 finished at t = 1500.0 (1500 timesteps)
[0.0010646881895491362]
100.0 nm from emitter at 185.2222222222222 degrees
-----------
Initializing structure...
ldos0:, 0.0018796992481203006, 0.001067124340718586
run 0 finished at t = 1500.0 (1500 timesteps)
[0.001067124340718586]
100.0 nm from emitter at 185.25 degrees
-----------
Initializing structure...
ldos0:, 0.0018796992481203006, 0.001067262393523843
run 0 finished at t = 1500.0 (1500 timesteps)
[0.001067262393523843]
100.0 nm from emitter at 185.27777777777777 degrees
-----------
Initializing structure...
ldos0:, 0.0018796992481203006, 0.001067048485534346
run 0 finished at t = 1500.0 (1500 timesteps)
[0.001067048485534346]
100.0 nm from emitter at 185.30555555555554 degrees
-----------
Initializing structure...
ldos0:, 0.0018796992481203006, 0.0010666716846086165
run 0 finished at t = 1500.0 (1500 timesteps)
[0.0010666716846086165]
100.0 nm from emitter at 185.33333333333331 degrees
-----------
Initializing structure...
ldos0:, 0.0018796992481203006, 0.0010671325321442377
run 0 finished at t = 1500.0 (1500 timesteps)
[0.0010671325321442377]
100.0 nm from emitter at 185.36111111111111 degrees
-----------
Initializing structure...
ldos0:, 0.0018796992481203006, 0.0010670180082206757
run 0 finished at t = 1500.0 (1500 timesteps)
[0.0010670180082206757]
100.0 nm from emitter at 185.38888888888889 degrees
-----------
Initializing structure...
ldos0:, 0.0018796992481203006, 0.0010672813213229151
run 0 finished at t = 1500.0 (1500 timesteps)
[0.0010672813213229151]
100.0 nm from emitter at 185.41666666666666 degrees
-----------
Initializing structure...
ldos0:, 0.0018796992481203006, 0.0010669144987513956
run 0 finished at t = 1500.0 (1500 timesteps)
[0.0010669144987513956]
100.0 nm from emitter at 185.44444444444443 degrees
-----------
Initializing structure...
ldos0:, 0.0018796992481203006, 0.0010673067056330074
run 0 finished at t = 1500.0 (1500 timesteps)
[0.0010673067056330074]
100.0 nm from emitter at 185.4722222222222 degrees
-----------
Initializing structure...
ldos0:, 0.0018796992481203006, 0.0010673916518587337
run 0 finished at t = 1500.0 (1500 timesteps)
[0.0010673916518587337]
100.0 nm from emitter at 185.5 degrees
-----------
Initializing structure...
ldos0:, 0.0018796992481203006, 0.0010680943652690482
run 0 finished at t = 1500.0 (1500 timesteps)
[0.0010680943652690482]
100.0 nm from emitter at 185.52777777777777 degrees
-----------
Initializing structure...
ldos0:, 0.0018796992481203006, 0.0010678407665232837
run 0 finished at t = 1500.0 (1500 timesteps)
[0.0010678407665232837]
100.0 nm from emitter at 185.55555555555554 degrees
-----------
Initializing structure...
ldos0:, 0.0018796992481203006, 0.0010679167631479337
run 0 finished at t = 1500.0 (1500 timesteps)
[0.0010679167631479337]
100.0 nm from emitter at 185.58333333333331 degrees
-----------
Initializing structure...
ldos0:, 0.0018796992481203006, 0.001061955715080107
run 0 finished at t = 1500.0 (1500 timesteps)
[0.001061955715080107]
100.0 nm from emitter at 185.61111111111111 degrees
-----------
Initializing structure...
ldos0:, 0.0018796992481203006, 0.0010624781115972754
run 0 finished at t = 1500.0 (1500 timesteps)
[0.0010624781115972754]
100.0 nm from emitter at 185.63888888888889 degrees
-----------
Initializing structure...
ldos0:, 0.0018796992481203006, 0.001062751581877006
run 0 finished at t = 1500.0 (1500 timesteps)
[0.001062751581877006]
100.0 nm from emitter at 185.66666666666666 degrees
-----------
Initializing structure...
ldos0:, 0.0018796992481203006, 0.0010618220066301145
run 0 finished at t = 1500.0 (1500 timesteps)
[0.0010618220066301145]
100.0 nm from emitter at 185.69444444444443 degrees
-----------
Initializing structure...
ldos0:, 0.0018796992481203006, 0.0010620086259687715
run 0 finished at t = 1500.0 (1500 timesteps)
[0.0010620086259687715]
100.0 nm from emitter at 185.7222222222222 degrees
-----------
Initializing structure...
ldos0:, 0.0018796992481203006, 0.0010623862404172755
run 0 finished at t = 1500.0 (1500 timesteps)
[0.0010623862404172755]
100.0 nm from emitter at 185.75 degrees
-----------
Initializing structure...
ldos0:, 0.0018796992481203006, 0.001062538650223512
run 0 finished at t = 1500.0 (1500 timesteps)
[0.001062538650223512]
100.0 nm from emitter at 185.77777777777777 degrees
-----------
Initializing structure...
ldos0:, 0.0018796992481203006, 0.0010687334820578482
run 0 finished at t = 1500.0 (1500 timesteps)
[0.0010687334820578482]
100.0 nm from emitter at 185.80555555555554 degrees
-----------
Initializing structure...
ldos0:, 0.0018796992481203006, 0.0010664846404460206
run 0 finished at t = 1500.0 (1500 timesteps)
[0.0010664846404460206]
100.0 nm from emitter at 185.83333333333331 degrees
-----------
Initializing structure...
ldos0:, 0.0018796992481203006, 0.0010666527908876392
run 0 finished at t = 1500.0 (1500 timesteps)
[0.0010666527908876392]
100.0 nm from emitter at 185.86111111111111 degrees
-----------
Initializing structure...
ldos0:, 0.0018796992481203006, 0.0010640736248444934
run 0 finished at t = 1500.0 (1500 timesteps)
[0.0010640736248444934]
100.0 nm from emitter at 185.88888888888889 degrees
-----------
Initializing structure...
ldos0:, 0.0018796992481203006, 0.001064419782474154
run 0 finished at t = 1500.0 (1500 timesteps)
[0.001064419782474154]
100.0 nm from emitter at 185.91666666666666 degrees
-----------
Initializing structure...
ldos0:, 0.0018796992481203006, 0.0010647133124213012
run 0 finished at t = 1500.0 (1500 timesteps)
[0.0010647133124213012]
100.0 nm from emitter at 185.94444444444443 degrees
-----------
Initializing structure...
ldos0:, 0.0018796992481203006, 0.001064226260963906
run 0 finished at t = 1500.0 (1500 timesteps)
[0.001064226260963906]
100.0 nm from emitter at 185.9722222222222 degrees
-----------
Initializing structure...
ldos0:, 0.0018796992481203006, 0.0010637130929485395
run 0 finished at t = 1500.0 (1500 timesteps)
[0.0010637130929485395]
100.0 nm from emitter at 186.0 degrees
-----------
Initializing structure...
ldos0:, 0.0018796992481203006, 0.0010646967369967101
run 0 finished at t = 1500.0 (1500 timesteps)
[0.0010646967369967101]
100.0 nm from emitter at 186.02777777777777 degrees
-----------
Initializing structure...
ldos0:, 0.0018796992481203006, 0.001064500710416337
run 0 finished at t = 1500.0 (1500 timesteps)
[0.001064500710416337]
100.0 nm from emitter at 186.05555555555554 degrees
-----------
Initializing structure...
ldos0:, 0.0018796992481203006, 0.0010651293916332564
run 0 finished at t = 1500.0 (1500 timesteps)
[0.0010651293916332564]
100.0 nm from emitter at 186.08333333333331 degrees
-----------
Initializing structure...
ldos0:, 0.0018796992481203006, 0.0010651211346887329
run 0 finished at t = 1500.0 (1500 timesteps)
[0.0010651211346887329]
100.0 nm from emitter at 186.11111111111111 degrees
-----------
Initializing structure...
ldos0:, 0.0018796992481203006, 0.0010637076102071458
run 0 finished at t = 1500.0 (1500 timesteps)
[0.0010637076102071458]
100.0 nm from emitter at 186.13888888888889 degrees
-----------
Initializing structure...
ldos0:, 0.0018796992481203006, 0.0010662329213409181
run 0 finished at t = 1500.0 (1500 timesteps)
[0.0010662329213409181]
100.0 nm from emitter at 186.16666666666666 degrees
-----------
Initializing structure...
ldos0:, 0.0018796992481203006, 0.0010669285278122897
run 0 finished at t = 1500.0 (1500 timesteps)
[0.0010669285278122897]
100.0 nm from emitter at 186.19444444444443 degrees
-----------
Initializing structure...
ldos0:, 0.0018796992481203006, 0.0010676303093211945
run 0 finished at t = 1500.0 (1500 timesteps)
[0.0010676303093211945]
100.0 nm from emitter at 186.2222222222222 degrees
-----------
Initializing structure...
ldos0:, 0.0018796992481203006, 0.0010669825789395148
run 0 finished at t = 1500.0 (1500 timesteps)
[0.0010669825789395148]
100.0 nm from emitter at 186.25 degrees
-----------
Initializing structure...
ldos0:, 0.0018796992481203006, 0.001067266152025775
run 0 finished at t = 1500.0 (1500 timesteps)
[0.001067266152025775]
100.0 nm from emitter at 186.27777777777777 degrees
-----------
Initializing structure...
ldos0:, 0.0018796992481203006, 0.001067247773531036
run 0 finished at t = 1500.0 (1500 timesteps)
[0.001067247773531036]
100.0 nm from emitter at 186.30555555555554 degrees
-----------
Initializing structure...
ldos0:, 0.0018796992481203006, 0.0010675748297083597
run 0 finished at t = 1500.0 (1500 timesteps)
[0.0010675748297083597]
100.0 nm from emitter at 186.33333333333331 degrees
-----------
Initializing structure...
ldos0:, 0.0018796992481203006, 0.0010674270573950964
run 0 finished at t = 1500.0 (1500 timesteps)
[0.0010674270573950964]
100.0 nm from emitter at 186.36111111111111 degrees
-----------
Initializing structure...
ldos0:, 0.0018796992481203006, 0.0010672336675000718
run 0 finished at t = 1500.0 (1500 timesteps)
[0.0010672336675000718]
100.0 nm from emitter at 186.38888888888889 degrees
-----------
Initializing structure...
ldos0:, 0.0018796992481203006, 0.0010667597834066748
run 0 finished at t = 1500.0 (1500 timesteps)
[0.0010667597834066748]
100.0 nm from emitter at 186.41666666666666 degrees
-----------
Initializing structure...
ldos0:, 0.0018796992481203006, 0.001066683023260156
run 0 finished at t = 1500.0 (1500 timesteps)
[0.001066683023260156]
100.0 nm from emitter at 186.44444444444443 degrees
-----------
Initializing structure...
ldos0:, 0.0018796992481203006, 0.0010664229272682939
run 0 finished at t = 1500.0 (1500 timesteps)
[0.0010664229272682939]
100.0 nm from emitter at 186.4722222222222 degrees
-----------
Initializing structure...
ldos0:, 0.0018796992481203006, 0.0010652660022894798
run 0 finished at t = 1500.0 (1500 timesteps)
[0.0010652660022894798]
100.0 nm from emitter at 186.5 degrees
-----------
Initializing structure...
ldos0:, 0.0018796992481203006, 0.001065206996139185
run 0 finished at t = 1500.0 (1500 timesteps)
[0.001065206996139185]
100.0 nm from emitter at 186.52777777777777 degrees
-----------
Initializing structure...
ldos0:, 0.0018796992481203006, 0.0010656217853001033
run 0 finished at t = 1500.0 (1500 timesteps)
[0.0010656217853001033]
100.0 nm from emitter at 186.55555555555554 degrees
-----------
Initializing structure...
ldos0:, 0.0018796992481203006, 0.0010643508821920888
run 0 finished at t = 1500.0 (1500 timesteps)
[0.0010643508821920888]
100.0 nm from emitter at 186.58333333333331 degrees
-----------
Initializing structure...
ldos0:, 0.0018796992481203006, 0.0010617928228074454
run 0 finished at t = 1500.0 (1500 timesteps)
[0.0010617928228074454]
100.0 nm from emitter at 186.61111111111111 degrees
-----------
Initializing structure...
ldos0:, 0.0018796992481203006, 0.001063906336958605
run 0 finished at t = 1500.0 (1500 timesteps)
[0.001063906336958605]
100.0 nm from emitter at 186.63888888888889 degrees
-----------
Initializing structure...
ldos0:, 0.0018796992481203006, 0.0010633995240093858
run 0 finished at t = 1500.0 (1500 timesteps)
[0.0010633995240093858]
100.0 nm from emitter at 186.66666666666666 degrees
-----------
Initializing structure...
ldos0:, 0.0018796992481203006, 0.0010656392813464485
run 0 finished at t = 1500.0 (1500 timesteps)
[0.0010656392813464485]
100.0 nm from emitter at 186.69444444444443 degrees
-----------
Initializing structure...
ldos0:, 0.0018796992481203006, 0.0010660367979946606
run 0 finished at t = 1500.0 (1500 timesteps)
[0.0010660367979946606]
100.0 nm from emitter at 186.7222222222222 degrees
-----------
Initializing structure...
ldos0:, 0.0018796992481203006, 0.0010638486803523383
run 0 finished at t = 1500.0 (1500 timesteps)
[0.0010638486803523383]
100.0 nm from emitter at 186.75 degrees
-----------
Initializing structure...
ldos0:, 0.0018796992481203006, 0.001062700545635534
run 0 finished at t = 1500.0 (1500 timesteps)
[0.001062700545635534]
100.0 nm from emitter at 186.77777777777777 degrees
-----------
Initializing structure...
ldos0:, 0.0018796992481203006, 0.00106356660485421
run 0 finished at t = 1500.0 (1500 timesteps)
[0.00106356660485421]
100.0 nm from emitter at 186.80555555555554 degrees
-----------
Initializing structure...
ldos0:, 0.0018796992481203006, 0.0010581286056291423
run 0 finished at t = 1500.0 (1500 timesteps)
[0.0010581286056291423]
100.0 nm from emitter at 186.83333333333331 degrees
-----------
Initializing structure...
ldos0:, 0.0018796992481203006, 0.0010585236916041778
run 0 finished at t = 1500.0 (1500 timesteps)
[0.0010585236916041778]
100.0 nm from emitter at 186.86111111111111 degrees
-----------
Initializing structure...
ldos0:, 0.0018796992481203006, 0.001059330682185439
run 0 finished at t = 1500.0 (1500 timesteps)
[0.001059330682185439]
100.0 nm from emitter at 186.88888888888889 degrees
-----------
Initializing structure...
ldos0:, 0.0018796992481203006, 0.0010580519381715784
run 0 finished at t = 1500.0 (1500 timesteps)
[0.0010580519381715784]
100.0 nm from emitter at 186.91666666666666 degrees
-----------
Initializing structure...
ldos0:, 0.0018796992481203006, 0.0010584395583305814
run 0 finished at t = 1500.0 (1500 timesteps)
[0.0010584395583305814]
100.0 nm from emitter at 186.94444444444443 degrees
-----------
Initializing structure...
ldos0:, 0.0018796992481203006, 0.0010584742364613173
run 0 finished at t = 1500.0 (1500 timesteps)
[0.0010584742364613173]
100.0 nm from emitter at 186.9722222222222 degrees
-----------
Initializing structure...
ldos0:, 0.0018796992481203006, 0.0010588320841102537
run 0 finished at t = 1500.0 (1500 timesteps)
[0.0010588320841102537]
100.0 nm from emitter at 187.0 degrees
-----------
Initializing structure...
ldos0:, 0.0018796992481203006, 0.001058026652091953
run 0 finished at t = 1500.0 (1500 timesteps)
[0.001058026652091953]
100.0 nm from emitter at 187.02777777777777 degrees
-----------
Initializing structure...
ldos0:, 0.0018796992481203006, 0.0010648846711206884
run 0 finished at t = 1500.0 (1500 timesteps)
[0.0010648846711206884]
100.0 nm from emitter at 187.05555555555554 degrees
-----------
Initializing structure...
ldos0:, 0.0018796992481203006, 0.001065230256473325
run 0 finished at t = 1500.0 (1500 timesteps)
[0.001065230256473325]
100.0 nm from emitter at 187.08333333333331 degrees
-----------
Initializing structure...
ldos0:, 0.0018796992481203006, 0.0010623776678234565
run 0 finished at t = 1500.0 (1500 timesteps)
[0.0010623776678234565]
100.0 nm from emitter at 187.11111111111111 degrees
-----------
Initializing structure...
ldos0:, 0.0018796992481203006, 0.001063711376483948
run 0 finished at t = 1500.0 (1500 timesteps)
[0.001063711376483948]
100.0 nm from emitter at 187.13888888888889 degrees
-----------
Initializing structure...
ldos0:, 0.0018796992481203006, 0.001063827301604423
run 0 finished at t = 1500.0 (1500 timesteps)
[0.001063827301604423]
100.0 nm from emitter at 187.16666666666666 degrees
-----------
Initializing structure...
ldos0:, 0.0018796992481203006, 0.0010702933604211308
run 0 finished at t = 1500.0 (1500 timesteps)
[0.0010702933604211308]
100.0 nm from emitter at 187.19444444444443 degrees
-----------
Initializing structure...
ldos0:, 0.0018796992481203006, 0.0010703109732052222
run 0 finished at t = 1500.0 (1500 timesteps)
[0.0010703109732052222]
100.0 nm from emitter at 187.2222222222222 degrees
-----------
Initializing structure...
ldos0:, 0.0018796992481203006, 0.001071779704648096
run 0 finished at t = 1500.0 (1500 timesteps)
[0.001071779704648096]
100.0 nm from emitter at 187.25 degrees
-----------
Initializing structure...
ldos0:, 0.0018796992481203006, 0.0010714704827871433
run 0 finished at t = 1500.0 (1500 timesteps)
[0.0010714704827871433]
100.0 nm from emitter at 187.27777777777777 degrees
-----------
Initializing structure...
ldos0:, 0.0018796992481203006, 0.001071506878871887
run 0 finished at t = 1500.0 (1500 timesteps)
[0.001071506878871887]
100.0 nm from emitter at 187.30555555555554 degrees
-----------
Initializing structure...
ldos0:, 0.0018796992481203006, 0.001072036657118623
run 0 finished at t = 1500.0 (1500 timesteps)
[0.001072036657118623]
100.0 nm from emitter at 187.33333333333331 degrees
-----------
Initializing structure...
ldos0:, 0.0018796992481203006, 0.001072380860370765
run 0 finished at t = 1500.0 (1500 timesteps)
[0.001072380860370765]
100.0 nm from emitter at 187.36111111111111 degrees
-----------
Initializing structure...
ldos0:, 0.0018796992481203006, 0.001071133371829721
run 0 finished at t = 1500.0 (1500 timesteps)
[0.001071133371829721]
100.0 nm from emitter at 187.38888888888889 degrees
-----------
Initializing structure...
ldos0:, 0.0018796992481203006, 0.0010718959031439156
run 0 finished at t = 1500.0 (1500 timesteps)
[0.0010718959031439156]
100.0 nm from emitter at 187.41666666666666 degrees
-----------
Initializing structure...
ldos0:, 0.0018796992481203006, 0.0010718113897327194
run 0 finished at t = 1500.0 (1500 timesteps)
[0.0010718113897327194]
100.0 nm from emitter at 187.44444444444443 degrees
-----------
Initializing structure...
ldos0:, 0.0018796992481203006, 0.0010716333100845932
run 0 finished at t = 1500.0 (1500 timesteps)
[0.0010716333100845932]
100.0 nm from emitter at 187.4722222222222 degrees
-----------
Initializing structure...
ldos0:, 0.0018796992481203006, 0.0010702726969436874
run 0 finished at t = 1500.0 (1500 timesteps)
[0.0010702726969436874]
100.0 nm from emitter at 187.5 degrees
-----------
Initializing structure...
ldos0:, 0.0018796992481203006, 0.0010719824701328146
run 0 finished at t = 1500.0 (1500 timesteps)
[0.0010719824701328146]
100.0 nm from emitter at 187.52777777777777 degrees
-----------
Initializing structure...
ldos0:, 0.0018796992481203006, 0.0010698525777967521
run 0 finished at t = 1500.0 (1500 timesteps)
[0.0010698525777967521]
100.0 nm from emitter at 187.55555555555554 degrees
-----------
Initializing structure...
ldos0:, 0.0018796992481203006, 0.00106952174451405
run 0 finished at t = 1500.0 (1500 timesteps)
[0.00106952174451405]
100.0 nm from emitter at 187.58333333333331 degrees
-----------
Initializing structure...
ldos0:, 0.0018796992481203006, 0.0010695915381168835
run 0 finished at t = 1500.0 (1500 timesteps)
[0.0010695915381168835]
100.0 nm from emitter at 187.61111111111111 degrees
-----------
Initializing structure...
ldos0:, 0.0018796992481203006, 0.0010697531305036956
run 0 finished at t = 1500.0 (1500 timesteps)
[0.0010697531305036956]
100.0 nm from emitter at 187.63888888888889 degrees
-----------
Initializing structure...
ldos0:, 0.0018796992481203006, 0.001073252308941066
run 0 finished at t = 1500.0 (1500 timesteps)
[0.001073252308941066]
100.0 nm from emitter at 187.66666666666666 degrees
-----------
Initializing structure...
ldos0:, 0.0018796992481203006, 0.0010730665140936202
run 0 finished at t = 1500.0 (1500 timesteps)
[0.0010730665140936202]
100.0 nm from emitter at 187.69444444444443 degrees
-----------
Initializing structure...
ldos0:, 0.0018796992481203006, 0.0010732479709392605
run 0 finished at t = 1500.0 (1500 timesteps)
[0.0010732479709392605]
100.0 nm from emitter at 187.7222222222222 degrees
-----------
Initializing structure...
ldos0:, 0.0018796992481203006, 0.0010743828003803287
run 0 finished at t = 1500.0 (1500 timesteps)
[0.0010743828003803287]
100.0 nm from emitter at 187.75 degrees
-----------
Initializing structure...
ldos0:, 0.0018796992481203006, 0.0010747589651176012
run 0 finished at t = 1500.0 (1500 timesteps)
[0.0010747589651176012]
100.0 nm from emitter at 187.77777777777777 degrees
-----------
Initializing structure...
ldos0:, 0.0018796992481203006, 0.0010744548269813314
run 0 finished at t = 1500.0 (1500 timesteps)
[0.0010744548269813314]
100.0 nm from emitter at 187.80555555555554 degrees
-----------
Initializing structure...
ldos0:, 0.0018796992481203006, 0.0010747536263370039
run 0 finished at t = 1500.0 (1500 timesteps)
[0.0010747536263370039]
100.0 nm from emitter at 187.83333333333331 degrees
-----------
Initializing structure...
ldos0:, 0.0018796992481203006, 0.0010758735359717774
run 0 finished at t = 1500.0 (1500 timesteps)
[0.0010758735359717774]
100.0 nm from emitter at 187.86111111111111 degrees
-----------
Initializing structure...
ldos0:, 0.0018796992481203006, 0.0010769666906429367
run 0 finished at t = 1500.0 (1500 timesteps)
[0.0010769666906429367]
100.0 nm from emitter at 187.88888888888889 degrees
-----------
Initializing structure...
ldos0:, 0.0018796992481203006, 0.0010752369100591574
run 0 finished at t = 1500.0 (1500 timesteps)
[0.0010752369100591574]
100.0 nm from emitter at 187.91666666666666 degrees
-----------
Initializing structure...
ldos0:, 0.0018796992481203006, 0.0010752020780093138
run 0 finished at t = 1500.0 (1500 timesteps)
[0.0010752020780093138]
100.0 nm from emitter at 187.94444444444443 degrees
-----------
Initializing structure...
ldos0:, 0.0018796992481203006, 0.0010593146475376938
run 0 finished at t = 1500.0 (1500 timesteps)
[0.0010593146475376938]
100.0 nm from emitter at 187.9722222222222 degrees
-----------
Initializing structure...
ldos0:, 0.0018796992481203006, 0.001058892341877154
run 0 finished at t = 1500.0 (1500 timesteps)
[0.001058892341877154]
100.0 nm from emitter at 188.0 degrees
-----------
Initializing structure...
ldos0:, 0.0018796992481203006, 0.0010583394906531678
run 0 finished at t = 1500.0 (1500 timesteps)
[0.0010583394906531678]
100.0 nm from emitter at 188.02777777777777 degrees
-----------
Initializing structure...
ldos0:, 0.0018796992481203006, 0.0010590120095866034
run 0 finished at t = 1500.0 (1500 timesteps)
[0.0010590120095866034]
100.0 nm from emitter at 188.05555555555554 degrees
-----------
Initializing structure...
ldos0:, 0.0018796992481203006, 0.0010597007259817944
run 0 finished at t = 1500.0 (1500 timesteps)
[0.0010597007259817944]
100.0 nm from emitter at 188.08333333333331 degrees
-----------
Initializing structure...
ldos0:, 0.0018796992481203006, 0.0010535496672312507
run 0 finished at t = 1500.0 (1500 timesteps)
[0.0010535496672312507]
100.0 nm from emitter at 188.11111111111111 degrees
-----------
Initializing structure...
ldos0:, 0.0018796992481203006, 0.0010536978767572008
run 0 finished at t = 1500.0 (1500 timesteps)
[0.0010536978767572008]
100.0 nm from emitter at 188.13888888888889 degrees
-----------
Initializing structure...
ldos0:, 0.0018796992481203006, 0.001056470822852685
run 0 finished at t = 1500.0 (1500 timesteps)
[0.001056470822852685]
100.0 nm from emitter at 188.16666666666666 degrees
-----------
Initializing structure...
ldos0:, 0.0018796992481203006, 0.0010547914441481196
run 0 finished at t = 1500.0 (1500 timesteps)
[0.0010547914441481196]
100.0 nm from emitter at 188.19444444444443 degrees
-----------
Initializing structure...
ldos0:, 0.0018796992481203006, 0.0010554829543580565
run 0 finished at t = 1500.0 (1500 timesteps)
[0.0010554829543580565]
100.0 nm from emitter at 188.2222222222222 degrees
-----------
Initializing structure...
ldos0:, 0.0018796992481203006, 0.0010557907508030157
run 0 finished at t = 1500.0 (1500 timesteps)
[0.0010557907508030157]
100.0 nm from emitter at 188.25 degrees
-----------
Initializing structure...
ldos0:, 0.0018796992481203006, 0.0010559088459955166
run 0 finished at t = 1500.0 (1500 timesteps)
[0.0010559088459955166]
100.0 nm from emitter at 188.27777777777777 degrees
-----------
Initializing structure...
ldos0:, 0.0018796992481203006, 0.001055593853982647
run 0 finished at t = 1500.0 (1500 timesteps)
[0.001055593853982647]
100.0 nm from emitter at 188.30555555555554 degrees
-----------
Initializing structure...
ldos0:, 0.0018796992481203006, 0.0010556557222908486
run 0 finished at t = 1500.0 (1500 timesteps)
[0.0010556557222908486]
100.0 nm from emitter at 188.33333333333331 degrees
-----------
Initializing structure...
ldos0:, 0.0018796992481203006, 0.001057774465234171
run 0 finished at t = 1500.0 (1500 timesteps)
[0.001057774465234171]
100.0 nm from emitter at 188.36111111111111 degrees
-----------
Initializing structure...
ldos0:, 0.0018796992481203006, 0.0010585921655798783
run 0 finished at t = 1500.0 (1500 timesteps)
[0.0010585921655798783]
100.0 nm from emitter at 188.38888888888889 degrees
-----------
Initializing structure...
ldos0:, 0.0018796992481203006, 0.001058244026724999
run 0 finished at t = 1500.0 (1500 timesteps)
[0.001058244026724999]
100.0 nm from emitter at 188.41666666666666 degrees
-----------
Initializing structure...
ldos0:, 0.0018796992481203006, 0.0010581243742054075
run 0 finished at t = 1500.0 (1500 timesteps)
[0.0010581243742054075]
100.0 nm from emitter at 188.44444444444443 degrees
-----------
Initializing structure...
ldos0:, 0.0018796992481203006, 0.001058467757728133
run 0 finished at t = 1500.0 (1500 timesteps)
[0.001058467757728133]
100.0 nm from emitter at 188.4722222222222 degrees
-----------
Initializing structure...
ldos0:, 0.0018796992481203006, 0.00105881183643991
run 0 finished at t = 1500.0 (1500 timesteps)
[0.00105881183643991]
100.0 nm from emitter at 188.5 degrees
-----------
Initializing structure...
ldos0:, 0.0018796992481203006, 0.0010591689798559894
run 0 finished at t = 1500.0 (1500 timesteps)
[0.0010591689798559894]
100.0 nm from emitter at 188.52777777777777 degrees
-----------
Initializing structure...
ldos0:, 0.0018796992481203006, 0.001057482528443213
run 0 finished at t = 1500.0 (1500 timesteps)
[0.001057482528443213]
100.0 nm from emitter at 188.55555555555554 degrees
-----------
Initializing structure...
ldos0:, 0.0018796992481203006, 0.0010583180142416677
run 0 finished at t = 1500.0 (1500 timesteps)
[0.0010583180142416677]
100.0 nm from emitter at 188.58333333333331 degrees
-----------
Initializing structure...
ldos0:, 0.0018796992481203006, 0.001057812677392288
run 0 finished at t = 1500.0 (1500 timesteps)
[0.001057812677392288]
100.0 nm from emitter at 188.61111111111111 degrees
-----------
Initializing structure...
ldos0:, 0.0018796992481203006, 0.0010573342637559984
run 0 finished at t = 1500.0 (1500 timesteps)
[0.0010573342637559984]
100.0 nm from emitter at 188.63888888888889 degrees
-----------
Initializing structure...
ldos0:, 0.0018796992481203006, 0.0010569217880244126
run 0 finished at t = 1500.0 (1500 timesteps)
[0.0010569217880244126]
100.0 nm from emitter at 188.66666666666666 degrees
-----------
Initializing structure...
ldos0:, 0.0018796992481203006, 0.0010591992175560895
run 0 finished at t = 1500.0 (1500 timesteps)
[0.0010591992175560895]
100.0 nm from emitter at 188.69444444444443 degrees
-----------
Initializing structure...
ldos0:, 0.0018796992481203006, 0.0010593058457632578
run 0 finished at t = 1500.0 (1500 timesteps)
[0.0010593058457632578]
100.0 nm from emitter at 188.7222222222222 degrees
-----------
Initializing structure...
ldos0:, 0.0018796992481203006, 0.0010591431483982852
run 0 finished at t = 1500.0 (1500 timesteps)
[0.0010591431483982852]
100.0 nm from emitter at 188.75 degrees
-----------
Initializing structure...
ldos0:, 0.0018796992481203006, 0.001059803083363968
run 0 finished at t = 1500.0 (1500 timesteps)
[0.001059803083363968]
100.0 nm from emitter at 188.77777777777777 degrees
-----------
Initializing structure...
ldos0:, 0.0018796992481203006, 0.0010592224350983578
run 0 finished at t = 1500.0 (1500 timesteps)
[0.0010592224350983578]
100.0 nm from emitter at 188.80555555555554 degrees
-----------
Initializing structure...
ldos0:, 0.0018796992481203006, 0.0010601828860855383
run 0 finished at t = 1500.0 (1500 timesteps)
[0.0010601828860855383]
100.0 nm from emitter at 188.83333333333331 degrees
-----------
Initializing structure...
ldos0:, 0.0018796992481203006, 0.001060245724331487
run 0 finished at t = 1500.0 (1500 timesteps)
[0.001060245724331487]
100.0 nm from emitter at 188.86111111111111 degrees
-----------
Initializing structure...
ldos0:, 0.0018796992481203006, 0.001060027495467517
run 0 finished at t = 1500.0 (1500 timesteps)
[0.001060027495467517]
100.0 nm from emitter at 188.88888888888889 degrees
-----------
Initializing structure...
ldos0:, 0.0018796992481203006, 0.001057762131115983
run 0 finished at t = 1500.0 (1500 timesteps)
[0.001057762131115983]
100.0 nm from emitter at 188.91666666666666 degrees
-----------
Initializing structure...
ldos0:, 0.0018796992481203006, 0.001056668859779709
run 0 finished at t = 1500.0 (1500 timesteps)
[0.001056668859779709]
100.0 nm from emitter at 188.94444444444443 degrees
-----------
Initializing structure...
ldos0:, 0.0018796992481203006, 0.0010570455690759291
run 0 finished at t = 1500.0 (1500 timesteps)
[0.0010570455690759291]
100.0 nm from emitter at 188.9722222222222 degrees
-----------
Initializing structure...
ldos0:, 0.0018796992481203006, 0.0010549515499828394
run 0 finished at t = 1500.0 (1500 timesteps)
[0.0010549515499828394]
100.0 nm from emitter at 189.0 degrees
-----------
Initializing structure...
ldos0:, 0.0018796992481203006, 0.0010598172264599018
run 0 finished at t = 1500.0 (1500 timesteps)
[0.0010598172264599018]
100.0 nm from emitter at 189.02777777777777 degrees
-----------
Initializing structure...
ldos0:, 0.0018796992481203006, 0.001060015668897069
run 0 finished at t = 1500.0 (1500 timesteps)
[0.001060015668897069]
100.0 nm from emitter at 189.05555555555554 degrees
-----------
Initializing structure...
ldos0:, 0.0018796992481203006, 0.001059807613722012
run 0 finished at t = 1500.0 (1500 timesteps)
[0.001059807613722012]
100.0 nm from emitter at 189.08333333333331 degrees
-----------
Initializing structure...
ldos0:, 0.0018796992481203006, 0.001059823618962216
run 0 finished at t = 1500.0 (1500 timesteps)
[0.001059823618962216]
100.0 nm from emitter at 189.11111111111111 degrees
-----------
Initializing structure...
ldos0:, 0.0018796992481203006, 0.0010590786150268207
run 0 finished at t = 1500.0 (1500 timesteps)
[0.0010590786150268207]
100.0 nm from emitter at 189.13888888888889 degrees
-----------
Initializing structure...
ldos0:, 0.0018796992481203006, 0.001058038622682036
run 0 finished at t = 1500.0 (1500 timesteps)
[0.001058038622682036]
100.0 nm from emitter at 189.16666666666666 degrees
-----------
Initializing structure...
ldos0:, 0.0018796992481203006, 0.0010586290822749878
run 0 finished at t = 1500.0 (1500 timesteps)
[0.0010586290822749878]
100.0 nm from emitter at 189.19444444444443 degrees
-----------
Initializing structure...
ldos0:, 0.0018796992481203006, 0.0010598750797166684
run 0 finished at t = 1500.0 (1500 timesteps)
[0.0010598750797166684]
100.0 nm from emitter at 189.2222222222222 degrees
-----------
Initializing structure...
ldos0:, 0.0018796992481203006, 0.0010598845400026122
run 0 finished at t = 1500.0 (1500 timesteps)
[0.0010598845400026122]
100.0 nm from emitter at 189.25 degrees
-----------
Initializing structure...
ldos0:, 0.0018796992481203006, 0.0010597382933338103
run 0 finished at t = 1500.0 (1500 timesteps)
[0.0010597382933338103]
100.0 nm from emitter at 189.27777777777777 degrees
-----------
Initializing structure...
ldos0:, 0.0018796992481203006, 0.0010606100356392732
run 0 finished at t = 1500.0 (1500 timesteps)
[0.0010606100356392732]
100.0 nm from emitter at 189.30555555555554 degrees
-----------
Initializing structure...
ldos0:, 0.0018796992481203006, 0.0010610737671589497
run 0 finished at t = 1500.0 (1500 timesteps)
[0.0010610737671589497]
100.0 nm from emitter at 189.33333333333331 degrees
-----------
Initializing structure...
ldos0:, 0.0018796992481203006, 0.001059247108764925
run 0 finished at t = 1500.0 (1500 timesteps)
[0.001059247108764925]
100.0 nm from emitter at 189.36111111111111 degrees
-----------
Initializing structure...
ldos0:, 0.0018796992481203006, 0.0010603733049794348
run 0 finished at t = 1500.0 (1500 timesteps)
[0.0010603733049794348]
100.0 nm from emitter at 189.38888888888889 degrees
-----------
Initializing structure...
ldos0:, 0.0018796992481203006, 0.0010596814496201573
run 0 finished at t = 1500.0 (1500 timesteps)
[0.0010596814496201573]
100.0 nm from emitter at 189.41666666666666 degrees
-----------
Initializing structure...
ldos0:, 0.0018796992481203006, 0.001060063065084684
run 0 finished at t = 1500.0 (1500 timesteps)
[0.001060063065084684]
100.0 nm from emitter at 189.44444444444443 degrees
-----------
Initializing structure...
ldos0:, 0.0018796992481203006, 0.0010598217508504598
run 0 finished at t = 1500.0 (1500 timesteps)
[0.0010598217508504598]
100.0 nm from emitter at 189.4722222222222 degrees
-----------
Initializing structure...
ldos0:, 0.0018796992481203006, 0.0010598360772267929
run 0 finished at t = 1500.0 (1500 timesteps)
[0.0010598360772267929]
100.0 nm from emitter at 189.5 degrees
-----------
Initializing structure...
ldos0:, 0.0018796992481203006, 0.0010600286613428678
run 0 finished at t = 1500.0 (1500 timesteps)
[0.0010600286613428678]
100.0 nm from emitter at 189.52777777777777 degrees
-----------
Initializing structure...
ldos0:, 0.0018796992481203006, 0.0010606588012481472
run 0 finished at t = 1500.0 (1500 timesteps)
[0.0010606588012481472]
100.0 nm from emitter at 189.55555555555554 degrees
-----------
Initializing structure...
ldos0:, 0.0018796992481203006, 0.0010605798037309488
run 0 finished at t = 1500.0 (1500 timesteps)
[0.0010605798037309488]
100.0 nm from emitter at 189.58333333333331 degrees
-----------
Initializing structure...
ldos0:, 0.0018796992481203006, 0.0010612186383312002
run 0 finished at t = 1500.0 (1500 timesteps)
[0.0010612186383312002]
100.0 nm from emitter at 189.61111111111111 degrees
-----------
Initializing structure...
ldos0:, 0.0018796992481203006, 0.0010623808571761152
run 0 finished at t = 1500.0 (1500 timesteps)
[0.0010623808571761152]
100.0 nm from emitter at 189.63888888888889 degrees
-----------
Initializing structure...
ldos0:, 0.0018796992481203006, 0.001062588953213118
run 0 finished at t = 1500.0 (1500 timesteps)
[0.001062588953213118]
100.0 nm from emitter at 189.66666666666666 degrees
-----------
Initializing structure...
ldos0:, 0.0018796992481203006, 0.0010619555142596642
run 0 finished at t = 1500.0 (1500 timesteps)
[0.0010619555142596642]
100.0 nm from emitter at 189.69444444444443 degrees
-----------
Initializing structure...
ldos0:, 0.0018796992481203006, 0.0010626178682879624
run 0 finished at t = 1500.0 (1500 timesteps)
[0.0010626178682879624]
100.0 nm from emitter at 189.7222222222222 degrees
-----------
Initializing structure...
ldos0:, 0.0018796992481203006, 0.0010622336347885276
run 0 finished at t = 1500.0 (1500 timesteps)
[0.0010622336347885276]
100.0 nm from emitter at 189.75 degrees
-----------
Initializing structure...
ldos0:, 0.0018796992481203006, 0.001062653310797508
run 0 finished at t = 1500.0 (1500 timesteps)
[0.001062653310797508]
100.0 nm from emitter at 189.77777777777777 degrees
-----------
Initializing structure...
Meep progress: 558.0/1500.0 = 37.2% done in 4.0s, 6.8s to go
ldos0:, 0.0018796992481203006, 0.0010611330936692628
run 0 finished at t = 1500.0 (1500 timesteps)
[0.0010611330936692628]
100.0 nm from emitter at 189.80555555555554 degrees
-----------
Initializing structure...
ldos0:, 0.0018796992481203006, 0.0010623270914596394
run 0 finished at t = 1500.0 (1500 timesteps)
[0.0010623270914596394]
100.0 nm from emitter at 189.83333333333331 degrees
-----------
Initializing structure...
ldos0:, 0.0018796992481203006, 0.0010549624261378255
run 0 finished at t = 1500.0 (1500 timesteps)
[0.0010549624261378255]
100.0 nm from emitter at 189.86111111111111 degrees
-----------
Initializing structure...
ldos0:, 0.0018796992481203006, 0.001054894218693704
run 0 finished at t = 1500.0 (1500 timesteps)
[0.001054894218693704]
100.0 nm from emitter at 189.88888888888889 degrees
-----------
Initializing structure...
ldos0:, 0.0018796992481203006, 0.0010538734031747782
run 0 finished at t = 1500.0 (1500 timesteps)
[0.0010538734031747782]
100.0 nm from emitter at 189.91666666666666 degrees
-----------
Initializing structure...
ldos0:, 0.0018796992481203006, 0.0010521059172436586
run 0 finished at t = 1500.0 (1500 timesteps)
[0.0010521059172436586]
100.0 nm from emitter at 189.94444444444443 degrees
-----------
Initializing structure...
ldos0:, 0.0018796992481203006, 0.0010519000288286941
run 0 finished at t = 1500.0 (1500 timesteps)
[0.0010519000288286941]
100.0 nm from emitter at 189.9722222222222 degrees
-----------
Initializing structure...
ldos0:, 0.0018796992481203006, 0.0010534677069899525
run 0 finished at t = 1500.0 (1500 timesteps)
[0.0010534677069899525]
100.0 nm from emitter at 190.0 degrees
-----------
Initializing structure...
ldos0:, 0.0018796992481203006, 0.0010539814450776885
run 0 finished at t = 1500.0 (1500 timesteps)
[0.0010539814450776885]
100.0 nm from emitter at 190.02777777777777 degrees
-----------
Initializing structure...
ldos0:, 0.0018796992481203006, 0.0010542220544860444
run 0 finished at t = 1500.0 (1500 timesteps)
[0.0010542220544860444]
100.0 nm from emitter at 190.05555555555554 degrees
-----------
Initializing structure...
ldos0:, 0.0018796992481203006, 0.0010540125399044534
run 0 finished at t = 1500.0 (1500 timesteps)
[0.0010540125399044534]
100.0 nm from emitter at 190.08333333333331 degrees
-----------
Initializing structure...
ldos0:, 0.0018796992481203006, 0.0010526954392294312
run 0 finished at t = 1500.0 (1500 timesteps)
[0.0010526954392294312]
100.0 nm from emitter at 190.11111111111111 degrees
-----------
Initializing structure...
ldos0:, 0.0018796992481203006, 0.0010534829529862686
run 0 finished at t = 1500.0 (1500 timesteps)
[0.0010534829529862686]
100.0 nm from emitter at 190.13888888888889 degrees
-----------
Initializing structure...
ldos0:, 0.0018796992481203006, 0.0010531463883610718
run 0 finished at t = 1500.0 (1500 timesteps)
[0.0010531463883610718]
100.0 nm from emitter at 190.16666666666666 degrees
-----------
Initializing structure...
ldos0:, 0.0018796992481203006, 0.0010544008589978815
run 0 finished at t = 1500.0 (1500 timesteps)
[0.0010544008589978815]
100.0 nm from emitter at 190.19444444444443 degrees
-----------
Initializing structure...
ldos0:, 0.0018796992481203006, 0.0010541242563725452
run 0 finished at t = 1500.0 (1500 timesteps)
[0.0010541242563725452]
100.0 nm from emitter at 190.2222222222222 degrees
-----------
Initializing structure...
ldos0:, 0.0018796992481203006, 0.001054564616728695
run 0 finished at t = 1500.0 (1500 timesteps)
[0.001054564616728695]
100.0 nm from emitter at 190.25 degrees
-----------
Initializing structure...
ldos0:, 0.0018796992481203006, 0.001055090363135951
run 0 finished at t = 1500.0 (1500 timesteps)
[0.001055090363135951]
100.0 nm from emitter at 190.27777777777777 degrees
-----------
Initializing structure...
ldos0:, 0.0018796992481203006, 0.0010542989223906096
run 0 finished at t = 1500.0 (1500 timesteps)
[0.0010542989223906096]
100.0 nm from emitter at 190.30555555555554 degrees
-----------
Initializing structure...
ldos0:, 0.0018796992481203006, 0.0010548023506540855
run 0 finished at t = 1500.0 (1500 timesteps)
[0.0010548023506540855]
100.0 nm from emitter at 190.33333333333331 degrees
-----------
Initializing structure...
ldos0:, 0.0018796992481203006, 0.0010636209369882504
run 0 finished at t = 1500.0 (1500 timesteps)
[0.0010636209369882504]
100.0 nm from emitter at 190.36111111111111 degrees
-----------
Initializing structure...
ldos0:, 0.0018796992481203006, 0.001062952739118931
run 0 finished at t = 1500.0 (1500 timesteps)
[0.001062952739118931]
100.0 nm from emitter at 190.38888888888889 degrees
-----------
Initializing structure...
ldos0:, 0.0018796992481203006, 0.0010630324178220443
run 0 finished at t = 1500.0 (1500 timesteps)
[0.0010630324178220443]
100.0 nm from emitter at 190.41666666666666 degrees
-----------
Initializing structure...
ldos0:, 0.0018796992481203006, 0.0010634501105519785
run 0 finished at t = 1500.0 (1500 timesteps)
[0.0010634501105519785]
100.0 nm from emitter at 190.44444444444443 degrees
-----------
Initializing structure...
ldos0:, 0.0018796992481203006, 0.0010644126831706605
run 0 finished at t = 1500.0 (1500 timesteps)
[0.0010644126831706605]
100.0 nm from emitter at 190.4722222222222 degrees
-----------
Initializing structure...
ldos0:, 0.0018796992481203006, 0.0010619829018280414
run 0 finished at t = 1500.0 (1500 timesteps)
[0.0010619829018280414]
100.0 nm from emitter at 190.5 degrees
-----------
Initializing structure...
ldos0:, 0.0018796992481203006, 0.0010618559198119317
run 0 finished at t = 1500.0 (1500 timesteps)
[0.0010618559198119317]
100.0 nm from emitter at 190.52777777777777 degrees
-----------
Initializing structure...
ldos0:, 0.0018796992481203006, 0.0010575712146828817
run 0 finished at t = 1500.0 (1500 timesteps)
[0.0010575712146828817]
100.0 nm from emitter at 190.55555555555554 degrees
-----------
Initializing structure...
ldos0:, 0.0018796992481203006, 0.0010579653785652908
run 0 finished at t = 1500.0 (1500 timesteps)
[0.0010579653785652908]
100.0 nm from emitter at 190.58333333333331 degrees
-----------
Initializing structure...
ldos0:, 0.0018796992481203006, 0.0010578710366401889
run 0 finished at t = 1500.0 (1500 timesteps)
[0.0010578710366401889]
100.0 nm from emitter at 190.61111111111111 degrees
-----------
Initializing structure...
ldos0:, 0.0018796992481203006, 0.0010573910977621447
run 0 finished at t = 1500.0 (1500 timesteps)
[0.0010573910977621447]
100.0 nm from emitter at 190.63888888888889 degrees
-----------
Initializing structure...
ldos0:, 0.0018796992481203006, 0.001056795454280712
run 0 finished at t = 1500.0 (1500 timesteps)
[0.001056795454280712]
100.0 nm from emitter at 190.66666666666666 degrees
-----------
Initializing structure...
ldos0:, 0.0018796992481203006, 0.0010583976461310506
run 0 finished at t = 1500.0 (1500 timesteps)
[0.0010583976461310506]
100.0 nm from emitter at 190.69444444444443 degrees
-----------
Initializing structure...
ldos0:, 0.0018796992481203006, 0.0010594143214590983
run 0 finished at t = 1500.0 (1500 timesteps)
[0.0010594143214590983]
100.0 nm from emitter at 190.7222222222222 degrees
-----------
Initializing structure...
ldos0:, 0.0018796992481203006, 0.0010595920969452433
run 0 finished at t = 1500.0 (1500 timesteps)
[0.0010595920969452433]
100.0 nm from emitter at 190.75 degrees
-----------
Initializing structure...
ldos0:, 0.0018796992481203006, 0.0010657223343237161
run 0 finished at t = 1500.0 (1500 timesteps)
[0.0010657223343237161]
100.0 nm from emitter at 190.77777777777777 degrees
-----------
Initializing structure...
ldos0:, 0.0018796992481203006, 0.0010676301639093587
run 0 finished at t = 1500.0 (1500 timesteps)
[0.0010676301639093587]
100.0 nm from emitter at 190.80555555555554 degrees
-----------
Initializing structure...
ldos0:, 0.0018796992481203006, 0.001063930381931166
run 0 finished at t = 1500.0 (1500 timesteps)
[0.001063930381931166]
100.0 nm from emitter at 190.83333333333331 degrees
-----------
Initializing structure...
ldos0:, 0.0018796992481203006, 0.0010700054286910301
run 0 finished at t = 1500.0 (1500 timesteps)
[0.0010700054286910301]
100.0 nm from emitter at 190.86111111111111 degrees
-----------
Initializing structure...
ldos0:, 0.0018796992481203006, 0.0010712798689481945
run 0 finished at t = 1500.0 (1500 timesteps)
[0.0010712798689481945]
100.0 nm from emitter at 190.88888888888889 degrees
-----------
Initializing structure...
ldos0:, 0.0018796992481203006, 0.0010715514437617739
run 0 finished at t = 1500.0 (1500 timesteps)
[0.0010715514437617739]
100.0 nm from emitter at 190.91666666666666 degrees
-----------
Initializing structure...
ldos0:, 0.0018796992481203006, 0.0010722125606988302
run 0 finished at t = 1500.0 (1500 timesteps)
[0.0010722125606988302]
100.0 nm from emitter at 190.94444444444443 degrees
-----------
Initializing structure...
ldos0:, 0.0018796992481203006, 0.001070835643753731
run 0 finished at t = 1500.0 (1500 timesteps)
[0.001070835643753731]
100.0 nm from emitter at 190.9722222222222 degrees
-----------
Initializing structure...
ldos0:, 0.0018796992481203006, 0.001063531041679696
run 0 finished at t = 1500.0 (1500 timesteps)
[0.001063531041679696]
100.0 nm from emitter at 191.0 degrees
-----------
Initializing structure...
ldos0:, 0.0018796992481203006, 0.001063271782415525
run 0 finished at t = 1500.0 (1500 timesteps)
[0.001063271782415525]
100.0 nm from emitter at 191.02777777777777 degrees
-----------
Initializing structure...
ldos0:, 0.0018796992481203006, 0.0010616247607018218
run 0 finished at t = 1500.0 (1500 timesteps)
[0.0010616247607018218]
100.0 nm from emitter at 191.05555555555554 degrees
-----------
Initializing structure...
ldos0:, 0.0018796992481203006, 0.0010599374036124266
run 0 finished at t = 1500.0 (1500 timesteps)
[0.0010599374036124266]
100.0 nm from emitter at 191.08333333333331 degrees
-----------
Initializing structure...
ldos0:, 0.0018796992481203006, 0.0010593083108412103
run 0 finished at t = 1500.0 (1500 timesteps)
[0.0010593083108412103]
100.0 nm from emitter at 191.11111111111111 degrees
-----------
Initializing structure...
ldos0:, 0.0018796992481203006, 0.0010585567188158133
run 0 finished at t = 1500.0 (1500 timesteps)
[0.0010585567188158133]
100.0 nm from emitter at 191.13888888888889 degrees
-----------
Initializing structure...
ldos0:, 0.0018796992481203006, 0.001060423542480126
run 0 finished at t = 1500.0 (1500 timesteps)
[0.001060423542480126]
100.0 nm from emitter at 191.16666666666666 degrees
-----------
Initializing structure...
ldos0:, 0.0018796992481203006, 0.0010590113397222919
run 0 finished at t = 1500.0 (1500 timesteps)
[0.0010590113397222919]
100.0 nm from emitter at 191.19444444444443 degrees
-----------
Initializing structure...
ldos0:, 0.0018796992481203006, 0.001057874943479293
run 0 finished at t = 1500.0 (1500 timesteps)
[0.001057874943479293]
100.0 nm from emitter at 191.2222222222222 degrees
-----------
Initializing structure...
ldos0:, 0.0018796992481203006, 0.0010580843638354094
run 0 finished at t = 1500.0 (1500 timesteps)
[0.0010580843638354094]
100.0 nm from emitter at 191.25 degrees
-----------
Initializing structure...
ldos0:, 0.0018796992481203006, 0.0010584805721373946
run 0 finished at t = 1500.0 (1500 timesteps)
[0.0010584805721373946]
100.0 nm from emitter at 191.27777777777777 degrees
-----------
Initializing structure...
ldos0:, 0.0018796992481203006, 0.0010598215407226755
run 0 finished at t = 1500.0 (1500 timesteps)
[0.0010598215407226755]
100.0 nm from emitter at 191.30555555555554 degrees
-----------
Initializing structure...
ldos0:, 0.0018796992481203006, 0.0010599146253384803
run 0 finished at t = 1500.0 (1500 timesteps)
[0.0010599146253384803]
100.0 nm from emitter at 191.33333333333331 degrees
-----------
Initializing structure...
ldos0:, 0.0018796992481203006, 0.001060014670024419
run 0 finished at t = 1500.0 (1500 timesteps)
[0.001060014670024419]
100.0 nm from emitter at 191.36111111111111 degrees
-----------
Initializing structure...
ldos0:, 0.0018796992481203006, 0.00106011419559372
run 0 finished at t = 1500.0 (1500 timesteps)
[0.00106011419559372]
100.0 nm from emitter at 191.38888888888889 degrees
-----------
Initializing structure...
ldos0:, 0.0018796992481203006, 0.001059667464902202
run 0 finished at t = 1500.0 (1500 timesteps)
[0.001059667464902202]
100.0 nm from emitter at 191.41666666666666 degrees
-----------
Initializing structure...
ldos0:, 0.0018796992481203006, 0.0010600098182022546
run 0 finished at t = 1500.0 (1500 timesteps)
[0.0010600098182022546]
100.0 nm from emitter at 191.44444444444443 degrees
-----------
Initializing structure...
ldos0:, 0.0018796992481203006, 0.0010624058160118035
run 0 finished at t = 1500.0 (1500 timesteps)
[0.0010624058160118035]
100.0 nm from emitter at 191.4722222222222 degrees
-----------
Initializing structure...
ldos0:, 0.0018796992481203006, 0.0010623464344756371
run 0 finished at t = 1500.0 (1500 timesteps)
[0.0010623464344756371]
100.0 nm from emitter at 191.5 degrees
-----------
Initializing structure...
ldos0:, 0.0018796992481203006, 0.001062025617338873
run 0 finished at t = 1500.0 (1500 timesteps)
[0.001062025617338873]
100.0 nm from emitter at 191.52777777777777 degrees
-----------
Initializing structure...
ldos0:, 0.0018796992481203006, 0.0010615530557836876
run 0 finished at t = 1500.0 (1500 timesteps)
[0.0010615530557836876]
100.0 nm from emitter at 191.55555555555554 degrees
-----------
Initializing structure...
ldos0:, 0.0018796992481203006, 0.001062123962035744
run 0 finished at t = 1500.0 (1500 timesteps)
[0.001062123962035744]
100.0 nm from emitter at 191.58333333333331 degrees
-----------
Initializing structure...
ldos0:, 0.0018796992481203006, 0.0010627021490269921
run 0 finished at t = 1500.0 (1500 timesteps)
[0.0010627021490269921]
100.0 nm from emitter at 191.61111111111111 degrees
-----------
Initializing structure...
ldos0:, 0.0018796992481203006, 0.0010642213724915113
run 0 finished at t = 1500.0 (1500 timesteps)
[0.0010642213724915113]
100.0 nm from emitter at 191.63888888888889 degrees
-----------
Initializing structure...
ldos0:, 0.0018796992481203006, 0.0010617851715672018
run 0 finished at t = 1500.0 (1500 timesteps)
[0.0010617851715672018]
100.0 nm from emitter at 191.66666666666666 degrees
-----------
Initializing structure...
ldos0:, 0.0018796992481203006, 0.0010661039500488192
run 0 finished at t = 1500.0 (1500 timesteps)
[0.0010661039500488192]
100.0 nm from emitter at 191.69444444444443 degrees
-----------
Initializing structure...
ldos0:, 0.0018796992481203006, 0.001066437460642132
run 0 finished at t = 1500.0 (1500 timesteps)
[0.001066437460642132]
100.0 nm from emitter at 191.7222222222222 degrees
-----------
Initializing structure...
ldos0:, 0.0018796992481203006, 0.0010661566082529213
run 0 finished at t = 1500.0 (1500 timesteps)
[0.0010661566082529213]
100.0 nm from emitter at 191.75 degrees
-----------
Initializing structure...
ldos0:, 0.0018796992481203006, 0.0010666228849300356
run 0 finished at t = 1500.0 (1500 timesteps)
[0.0010666228849300356]
100.0 nm from emitter at 191.77777777777777 degrees
-----------
Initializing structure...
ldos0:, 0.0018796992481203006, 0.0010658793811307724
run 0 finished at t = 1500.0 (1500 timesteps)
[0.0010658793811307724]
100.0 nm from emitter at 191.80555555555554 degrees
-----------
Initializing structure...
ldos0:, 0.0018796992481203006, 0.0010624772700407728
run 0 finished at t = 1500.0 (1500 timesteps)
[0.0010624772700407728]
100.0 nm from emitter at 191.83333333333331 degrees
-----------
Initializing structure...
ldos0:, 0.0018796992481203006, 0.0010622317088798236
run 0 finished at t = 1500.0 (1500 timesteps)
[0.0010622317088798236]
100.0 nm from emitter at 191.86111111111111 degrees
-----------
Initializing structure...
ldos0:, 0.0018796992481203006, 0.0010645078138326767
run 0 finished at t = 1500.0 (1500 timesteps)
[0.0010645078138326767]
100.0 nm from emitter at 191.88888888888889 degrees