1
um
[[ 52.63157895  31.24500861   0.        ]
 [ 52.63157895   6.87810354   0.        ]
 [ 52.63157895  33.42614737   0.        ]
 [ 53.28947368 175.5135378    0.        ]
 [ 53.28947368 285.97140925   0.        ]
 [ 53.28947368 305.91563682   0.        ]
 [ 53.28947368 214.61933744   0.        ]
 [ 53.28947368 259.38113669   0.        ]
 [ 53.28947368 180.95850177   0.        ]
 [ 53.28947368 202.78272112   0.        ]
 [ 53.28947368  31.24500861   0.        ]
 [ 53.28947368   6.87810354   0.        ]
 [ 53.28947368  33.42614737   0.        ]
 [ 53.94736842 175.5135378    0.        ]
 [ 53.94736842 285.97140925   0.        ]
 [ 53.94736842 305.91563682   0.        ]
 [ 53.94736842 214.61933744   0.        ]
 [ 53.94736842 259.38113669   0.        ]
 [ 53.94736842 180.95850177   0.        ]
 [ 53.94736842 202.78272112   0.        ]
 [ 53.94736842  31.24500861   0.        ]
 [ 53.94736842   6.87810354   0.        ]
 [ 53.94736842  33.42614737   0.        ]
 [ 54.60526316 175.5135378    0.        ]
 [ 54.60526316 285.97140925   0.        ]
 [ 54.60526316 305.91563682   0.        ]
 [ 54.60526316 214.61933744   0.        ]
 [ 54.60526316 259.38113669   0.        ]
 [ 54.60526316 180.95850177   0.        ]
 [ 54.60526316 202.78272112   0.        ]
 [ 54.60526316  31.24500861   0.        ]
 [ 54.60526316   6.87810354   0.        ]
 [ 54.60526316  33.42614737   0.        ]
 [ 55.26315789 175.5135378    0.        ]
 [ 55.26315789 285.97140925   0.        ]
 [ 55.26315789 305.91563682   0.        ]
 [ 55.26315789 214.61933744   0.        ]
 [ 55.26315789 259.38113669   0.        ]
 [ 55.26315789 180.95850177   0.        ]
 [ 55.26315789 202.78272112   0.        ]
 [ 55.26315789  31.24500861   0.        ]
 [ 55.26315789   6.87810354   0.        ]
 [ 55.26315789  33.42614737   0.        ]
 [ 55.92105263 175.5135378    0.        ]
 [ 55.92105263 285.97140925   0.        ]
 [ 55.92105263 305.91563682   0.        ]
 [ 55.92105263 214.61933744   0.        ]]
52.631578947368425 nm from emitter at 31.24500860529729 degrees
-----------
Initializing structure...
ldos0:, 0.0018796992481203006, 0.0009898924065432101
run 0 finished at t = 1500.0 (1500 timesteps)
[0.0009898924065432101]
52.631578947368425 nm from emitter at 6.87810353729863 degrees
-----------
Initializing structure...
ldos0:, 0.0018796992481203006, 0.000950969787774813
run 0 finished at t = 1500.0 (1500 timesteps)
[0.000950969787774813]
52.631578947368425 nm from emitter at 33.42614737222202 degrees
-----------
Initializing structure...
ldos0:, 0.0018796992481203006, 0.001214995599493026
run 0 finished at t = 1500.0 (1500 timesteps)
[0.001214995599493026]
53.28947368421053 nm from emitter at 175.51353780402846 degrees
-----------
Initializing structure...
ldos0:, 0.0018796992481203006, 0.000834750466623551
run 0 finished at t = 1500.0 (1500 timesteps)
[0.000834750466623551]
53.28947368421053 nm from emitter at 285.97140925152064 degrees
-----------
Initializing structure...
ldos0:, 0.0018796992481203006, 0.0008065561620297307
run 0 finished at t = 1500.0 (1500 timesteps)
[0.0008065561620297307]
53.28947368421053 nm from emitter at 305.9156368193449 degrees
-----------
Initializing structure...
ldos0:, 0.0018796992481203006, 0.0009901265234886758
run 0 finished at t = 1500.0 (1500 timesteps)
[0.0009901265234886758]
53.28947368421053 nm from emitter at 214.61933744181619 degrees
-----------
Initializing structure...
ldos0:, 0.0018796992481203006, 0.0010594579705006046
run 0 finished at t = 1500.0 (1500 timesteps)
[0.0010594579705006046]
53.28947368421053 nm from emitter at 259.3811366911228 degrees
-----------
Initializing structure...
ldos0:, 0.0018796992481203006, 0.0008058167441150886
run 0 finished at t = 1500.0 (1500 timesteps)
[0.0008058167441150886]
53.28947368421053 nm from emitter at 180.9585017686088 degrees
-----------
Initializing structure...
ldos0:, 0.0018796992481203006, 0.0009628371313127288
run 0 finished at t = 1500.0 (1500 timesteps)
[0.0009628371313127288]
53.28947368421053 nm from emitter at 202.782721122127 degrees
-----------
Initializing structure...
ldos0:, 0.0018796992481203006, 0.0008199991208240125
run 0 finished at t = 1500.0 (1500 timesteps)
[0.0008199991208240125]
53.28947368421053 nm from emitter at 31.24500860529729 degrees
-----------
Initializing structure...
ldos0:, 0.0018796992481203006, 0.0009887796887535472
run 0 finished at t = 1500.0 (1500 timesteps)
[0.0009887796887535472]
53.28947368421053 nm from emitter at 6.87810353729863 degrees
-----------
Initializing structure...
ldos0:, 0.0018796992481203006, 0.0009475119923000134
run 0 finished at t = 1500.0 (1500 timesteps)
[0.0009475119923000134]
53.28947368421053 nm from emitter at 33.42614737222202 degrees
-----------
Initializing structure...
ldos0:, 0.0018796992481203006, 0.0012376144172831813
run 0 finished at t = 1500.0 (1500 timesteps)
[0.0012376144172831813]
53.94736842105263 nm from emitter at 175.51353780402846 degrees
-----------
Initializing structure...
ldos0:, 0.0018796992481203006, 0.0008310559566252275
run 0 finished at t = 1500.0 (1500 timesteps)
[0.0008310559566252275]
53.94736842105263 nm from emitter at 285.97140925152064 degrees
-----------
Initializing structure...
ldos0:, 0.0018796992481203006, 0.0008068208859600173
run 0 finished at t = 1500.0 (1500 timesteps)
[0.0008068208859600173]
53.94736842105263 nm from emitter at 305.9156368193449 degrees
-----------
Initializing structure...
ldos0:, 0.0018796992481203006, 0.0009953652526251155
run 0 finished at t = 1500.0 (1500 timesteps)
[0.0009953652526251155]
53.94736842105263 nm from emitter at 214.61933744181619 degrees
-----------
Initializing structure...
ldos0:, 0.0018796992481203006, 0.0010167904215098596
run 0 finished at t = 1500.0 (1500 timesteps)
[0.0010167904215098596]
53.94736842105263 nm from emitter at 259.3811366911228 degrees
-----------
Initializing structure...
ldos0:, 0.0018796992481203006, 0.0008056998974631687
run 0 finished at t = 1500.0 (1500 timesteps)
[0.0008056998974631687]
53.94736842105263 nm from emitter at 180.9585017686088 degrees
-----------
Initializing structure...
ldos0:, 0.0018796992481203006, 0.0009822785421718227
run 0 finished at t = 1500.0 (1500 timesteps)
[0.0009822785421718227]
53.94736842105263 nm from emitter at 202.782721122127 degrees
-----------
Initializing structure...
ldos0:, 0.0018796992481203006, 0.0008209553766458997
run 0 finished at t = 1500.0 (1500 timesteps)
[0.0008209553766458997]
53.94736842105263 nm from emitter at 31.24500860529729 degrees
-----------
Initializing structure...
ldos0:, 0.0018796992481203006, 0.0009918459120057978
run 0 finished at t = 1500.0 (1500 timesteps)
[0.0009918459120057978]
53.94736842105263 nm from emitter at 6.87810353729863 degrees
-----------
Initializing structure...
ldos0:, 0.0018796992481203006, 0.0009376013593369865
run 0 finished at t = 1500.0 (1500 timesteps)
[0.0009376013593369865]
53.94736842105263 nm from emitter at 33.42614737222202 degrees
-----------
Initializing structure...
ldos0:, 0.0018796992481203006, 0.0012254131523115161
run 0 finished at t = 1500.0 (1500 timesteps)
[0.0012254131523115161]
54.60526315789474 nm from emitter at 175.51353780402846 degrees
-----------
Initializing structure...
ldos0:, 0.0018796992481203006, 0.0008364348575356083
run 0 finished at t = 1500.0 (1500 timesteps)
[0.0008364348575356083]
54.60526315789474 nm from emitter at 285.97140925152064 degrees
-----------
Initializing structure...
ldos0:, 0.0018796992481203006, 0.0008069330543799731
run 0 finished at t = 1500.0 (1500 timesteps)
[0.0008069330543799731]
54.60526315789474 nm from emitter at 305.9156368193449 degrees
-----------
Initializing structure...
ldos0:, 0.0018796992481203006, 0.0009806293617674912
run 0 finished at t = 1500.0 (1500 timesteps)
[0.0009806293617674912]
54.60526315789474 nm from emitter at 214.61933744181619 degrees
-----------
Initializing structure...
ldos0:, 0.0018796992481203006, 0.0009942133193224499
run 0 finished at t = 1500.0 (1500 timesteps)
[0.0009942133193224499]
54.60526315789474 nm from emitter at 259.3811366911228 degrees
-----------
Initializing structure...
ldos0:, 0.0018796992481203006, 0.0008057945924618796
run 0 finished at t = 1500.0 (1500 timesteps)