6
um
[[ 73.61111111 192.94246627   0.        ]
 [ 75.         199.21961697   0.        ]
 [ 75.         318.19039245   0.        ]
 [ 75.         165.52539213   0.        ]
 [ 75.          38.93579272   0.        ]
 [ 75.         110.36838039   0.        ]
 [ 75.         322.00477683   0.        ]
 [ 75.          80.36034426   0.        ]
 [ 75.         295.60837603   0.        ]
 [ 75.         135.05930458   0.        ]
 [ 75.         192.94246627   0.        ]
 [ 78.125      199.21961697   0.        ]
 [ 78.125      318.19039245   0.        ]
 [ 78.125      165.52539213   0.        ]
 [ 78.125       38.93579272   0.        ]
 [ 78.125      110.36838039   0.        ]
 [ 78.125      322.00477683   0.        ]
 [ 78.125       80.36034426   0.        ]
 [ 78.125      295.60837603   0.        ]
 [ 78.125      135.05930458   0.        ]
 [ 78.125      192.94246627   0.        ]
 [ 81.25       199.21961697   0.        ]
 [ 81.25       318.19039245   0.        ]
 [ 81.25       165.52539213   0.        ]
 [ 81.25        38.93579272   0.        ]
 [ 81.25       110.36838039   0.        ]
 [ 81.25       322.00477683   0.        ]
 [ 81.25        80.36034426   0.        ]
 [ 81.25       295.60837603   0.        ]
 [ 81.25       135.05930458   0.        ]
 [ 81.25       192.94246627   0.        ]
 [ 84.375      199.21961697   0.        ]
 [ 84.375      318.19039245   0.        ]
 [ 84.375      165.52539213   0.        ]
 [ 84.375       38.93579272   0.        ]
 [ 84.375      110.36838039   0.        ]
 [ 84.375      322.00477683   0.        ]
 [ 84.375       80.36034426   0.        ]
 [ 84.375      295.60837603   0.        ]
 [ 84.375      135.05930458   0.        ]
 [ 84.375      192.94246627   0.        ]
 [ 87.5        199.21961697   0.        ]
 [ 87.5        318.19039245   0.        ]
 [ 87.5        165.52539213   0.        ]
 [ 87.5         38.93579272   0.        ]
 [ 87.5        110.36838039   0.        ]]
73.61111111111111 nm from emitter at 192.94246627185942 degrees
-----------
Initializing structure...
ldos0:, 0.0018796992481203006, 0.0009898924065432101
run 0 finished at t = 1500.0 (1500 timesteps)
[0.0009898924065432101]
75.0 nm from emitter at 199.2196169671095 degrees
-----------
Initializing structure...
ldos0:, 0.0018796992481203006, 0.000950969787774813
run 0 finished at t = 1500.0 (1500 timesteps)
[0.000950969787774813]
75.0 nm from emitter at 318.19039244990296 degrees
-----------
Initializing structure...
ldos0:, 0.0018796992481203006, 0.001214995599493026
run 0 finished at t = 1500.0 (1500 timesteps)
[0.001214995599493026]
75.0 nm from emitter at 165.52539212884133 degrees
-----------
Initializing structure...
ldos0:, 0.0018796992481203006, 0.000834750466623551
run 0 finished at t = 1500.0 (1500 timesteps)
[0.000834750466623551]
75.0 nm from emitter at 38.93579271739936 degrees
-----------
Initializing structure...
ldos0:, 0.0018796992481203006, 0.0008065561620297307
run 0 finished at t = 1500.0 (1500 timesteps)
[0.0008065561620297307]
75.0 nm from emitter at 110.36838039106175 degrees
-----------
Initializing structure...
ldos0:, 0.0018796992481203006, 0.0009901265234886758
run 0 finished at t = 1500.0 (1500 timesteps)
[0.0009901265234886758]
75.0 nm from emitter at 322.0047768296932 degrees
-----------
Initializing structure...
ldos0:, 0.0018796992481203006, 0.0010594579705006046
run 0 finished at t = 1500.0 (1500 timesteps)
[0.0010594579705006046]
75.0 nm from emitter at 80.36034425963176 degrees
-----------
Initializing structure...
ldos0:, 0.0018796992481203006, 0.0008058167441150886
run 0 finished at t = 1500.0 (1500 timesteps)
[0.0008058167441150886]
75.0 nm from emitter at 295.60837602789945 degrees
-----------
Initializing structure...
ldos0:, 0.0018796992481203006, 0.0009628371313127288
run 0 finished at t = 1500.0 (1500 timesteps)
[0.0009628371313127288]
75.0 nm from emitter at 135.05930457580928 degrees
-----------
Initializing structure...
ldos0:, 0.0018796992481203006, 0.0008199991208240125
run 0 finished at t = 1500.0 (1500 timesteps)
[0.0008199991208240125]
75.0 nm from emitter at 192.94246627185942 degrees
-----------
Initializing structure...
ldos0:, 0.0018796992481203006, 0.0009887796887535472
run 0 finished at t = 1500.0 (1500 timesteps)
[0.0009887796887535472]
78.125 nm from emitter at 199.2196169671095 degrees
-----------
Initializing structure...
ldos0:, 0.0018796992481203006, 0.0009475119923000134
run 0 finished at t = 1500.0 (1500 timesteps)
[0.0009475119923000134]
78.125 nm from emitter at 318.19039244990296 degrees
-----------
Initializing structure...
ldos0:, 0.0018796992481203006, 0.0012376144172831813
run 0 finished at t = 1500.0 (1500 timesteps)
[0.0012376144172831813]
78.125 nm from emitter at 165.52539212884133 degrees
-----------
Initializing structure...
ldos0:, 0.0018796992481203006, 0.0008310559566252275
run 0 finished at t = 1500.0 (1500 timesteps)
[0.0008310559566252275]
78.125 nm from emitter at 38.93579271739936 degrees
-----------
Initializing structure...
ldos0:, 0.0018796992481203006, 0.0008068208859600173
run 0 finished at t = 1500.0 (1500 timesteps)
[0.0008068208859600173]
78.125 nm from emitter at 110.36838039106175 degrees
-----------
Initializing structure...
ldos0:, 0.0018796992481203006, 0.0009953652526251155
run 0 finished at t = 1500.0 (1500 timesteps)
[0.0009953652526251155]
78.125 nm from emitter at 322.0047768296932 degrees
-----------
Initializing structure...
ldos0:, 0.0018796992481203006, 0.0010167904215098596
run 0 finished at t = 1500.0 (1500 timesteps)
[0.0010167904215098596]
78.125 nm from emitter at 80.36034425963176 degrees
-----------
Initializing structure...
ldos0:, 0.0018796992481203006, 0.0008056998974631687
run 0 finished at t = 1500.0 (1500 timesteps)
[0.0008056998974631687]
78.125 nm from emitter at 295.60837602789945 degrees
-----------
Initializing structure...
ldos0:, 0.0018796992481203006, 0.0009822785421718227
run 0 finished at t = 1500.0 (1500 timesteps)
[0.0009822785421718227]
78.125 nm from emitter at 135.05930457580928 degrees
-----------
Initializing structure...
ldos0:, 0.0018796992481203006, 0.0008209553766458997
run 0 finished at t = 1500.0 (1500 timesteps)
[0.0008209553766458997]
78.125 nm from emitter at 192.94246627185942 degrees
-----------
Initializing structure...
ldos0:, 0.0018796992481203006, 0.0009918459120057978
run 0 finished at t = 1500.0 (1500 timesteps)
[0.0009918459120057978]
81.25 nm from emitter at 199.2196169671095 degrees
-----------
Initializing structure...
ldos0:, 0.0018796992481203006, 0.0009376013593369865
run 0 finished at t = 1500.0 (1500 timesteps)
[0.0009376013593369865]
81.25 nm from emitter at 318.19039244990296 degrees
-----------
Initializing structure...
ldos0:, 0.0018796992481203006, 0.0012254131523115161
run 0 finished at t = 1500.0 (1500 timesteps)
[0.0012254131523115161]
81.25 nm from emitter at 165.52539212884133 degrees
-----------
Initializing structure...
ldos0:, 0.0018796992481203006, 0.0008364348575356083
run 0 finished at t = 1500.0 (1500 timesteps)
[0.0008364348575356083]
81.25 nm from emitter at 38.93579271739936 degrees
-----------
Initializing structure...
ldos0:, 0.0018796992481203006, 0.0008069330543799731
run 0 finished at t = 1500.0 (1500 timesteps)
[0.0008069330543799731]
81.25 nm from emitter at 110.36838039106175 degrees
-----------
Initializing structure...
ldos0:, 0.0018796992481203006, 0.0009806293617674912
run 0 finished at t = 1500.0 (1500 timesteps)
[0.0009806293617674912]
81.25 nm from emitter at 322.0047768296932 degrees
-----------
Initializing structure...
ldos0:, 0.0018796992481203006, 0.0009942133193224499
run 0 finished at t = 1500.0 (1500 timesteps)
[0.0009942133193224499]
81.25 nm from emitter at 80.36034425963176 degrees
-----------
Initializing structure...
ldos0:, 0.0018796992481203006, 0.0008057945924618796
run 0 finished at t = 1500.0 (1500 timesteps)
[0.0008057945924618796]
81.25 nm from emitter at 295.60837602789945 degrees
-----------
Initializing structure...
ldos0:, 0.0018796992481203006, 0.0009709782688386225
run 0 finished at t = 1500.0 (1500 timesteps)
[0.0009709782688386225]
81.25 nm from emitter at 135.05930457580928 degrees
-----------
Initializing structure...