5
um
[[ 68.05555556  58.20955199   0.        ]
 [ 68.05555556  35.07014166   0.        ]
 [ 68.05555556 127.62872824   0.        ]
 [ 68.05555556 236.79337346   0.        ]
 [ 68.05555556 348.60127563   0.        ]
 [ 68.05555556 342.47588091   0.        ]
 [ 68.05555556 256.51349071   0.        ]
 [ 69.44444444 175.29881293   0.        ]
 [ 69.44444444  52.96340301   0.        ]
 [ 69.44444444 207.78438068   0.        ]
 [ 69.44444444  58.20955199   0.        ]
 [ 69.44444444  35.07014166   0.        ]
 [ 69.44444444 127.62872824   0.        ]
 [ 69.44444444 236.79337346   0.        ]
 [ 69.44444444 348.60127563   0.        ]
 [ 69.44444444 342.47588091   0.        ]
 [ 69.44444444 256.51349071   0.        ]
 [ 70.83333333 175.29881293   0.        ]
 [ 70.83333333  52.96340301   0.        ]
 [ 70.83333333 207.78438068   0.        ]
 [ 70.83333333  58.20955199   0.        ]
 [ 70.83333333  35.07014166   0.        ]
 [ 70.83333333 127.62872824   0.        ]
 [ 70.83333333 236.79337346   0.        ]
 [ 70.83333333 348.60127563   0.        ]
 [ 70.83333333 342.47588091   0.        ]
 [ 70.83333333 256.51349071   0.        ]
 [ 72.22222222 175.29881293   0.        ]
 [ 72.22222222  52.96340301   0.        ]
 [ 72.22222222 207.78438068   0.        ]
 [ 72.22222222  58.20955199   0.        ]
 [ 72.22222222  35.07014166   0.        ]
 [ 72.22222222 127.62872824   0.        ]
 [ 72.22222222 236.79337346   0.        ]
 [ 72.22222222 348.60127563   0.        ]
 [ 72.22222222 342.47588091   0.        ]
 [ 72.22222222 256.51349071   0.        ]
 [ 73.61111111 175.29881293   0.        ]
 [ 73.61111111  52.96340301   0.        ]
 [ 73.61111111 207.78438068   0.        ]
 [ 73.61111111  58.20955199   0.        ]
 [ 73.61111111  35.07014166   0.        ]
 [ 73.61111111 127.62872824   0.        ]
 [ 73.61111111 236.79337346   0.        ]
 [ 73.61111111 348.60127563   0.        ]
 [ 73.61111111 342.47588091   0.        ]]
68.05555555555556 nm from emitter at 58.209551994356545 degrees
-----------
Initializing structure...
ldos0:, 0.0018796992481203006, 0.0009898924065432101
run 0 finished at t = 1500.0 (1500 timesteps)
[0.0009898924065432101]
68.05555555555556 nm from emitter at 35.0701416645081 degrees
-----------
Initializing structure...
ldos0:, 0.0018796992481203006, 0.000950969787774813
run 0 finished at t = 1500.0 (1500 timesteps)
[0.000950969787774813]
68.05555555555556 nm from emitter at 127.62872824161276 degrees
-----------
Initializing structure...
ldos0:, 0.0018796992481203006, 0.001214995599493026
run 0 finished at t = 1500.0 (1500 timesteps)
[0.001214995599493026]
68.05555555555556 nm from emitter at 236.79337346148242 degrees
-----------
Initializing structure...
ldos0:, 0.0018796992481203006, 0.000834750466623551
run 0 finished at t = 1500.0 (1500 timesteps)
[0.000834750466623551]
68.05555555555556 nm from emitter at 348.6012756318342 degrees
-----------
Initializing structure...
ldos0:, 0.0018796992481203006, 0.0008065561620297307
run 0 finished at t = 1500.0 (1500 timesteps)
[0.0008065561620297307]
68.05555555555556 nm from emitter at 342.4758809120342 degrees
-----------
Initializing structure...
ldos0:, 0.0018796992481203006, 0.0009901265234886758
run 0 finished at t = 1500.0 (1500 timesteps)
[0.0009901265234886758]
68.05555555555556 nm from emitter at 256.51349070593875 degrees
-----------
Initializing structure...
ldos0:, 0.0018796992481203006, 0.0010594579705006046
run 0 finished at t = 1500.0 (1500 timesteps)
[0.0010594579705006046]
69.44444444444444 nm from emitter at 175.2988129331858 degrees
-----------
Initializing structure...
ldos0:, 0.0018796992481203006, 0.0008058167441150886
run 0 finished at t = 1500.0 (1500 timesteps)
[0.0008058167441150886]
69.44444444444444 nm from emitter at 52.96340301023871 degrees
-----------
Initializing structure...
ldos0:, 0.0018796992481203006, 0.0009628371313127288
run 0 finished at t = 1500.0 (1500 timesteps)
[0.0009628371313127288]
69.44444444444444 nm from emitter at 207.78438068446 degrees
-----------
Initializing structure...
ldos0:, 0.0018796992481203006, 0.0008199991208240125
run 0 finished at t = 1500.0 (1500 timesteps)
[0.0008199991208240125]
69.44444444444444 nm from emitter at 58.209551994356545 degrees
-----------
Initializing structure...
ldos0:, 0.0018796992481203006, 0.0009887796887535472
run 0 finished at t = 1500.0 (1500 timesteps)
[0.0009887796887535472]
69.44444444444444 nm from emitter at 35.0701416645081 degrees
-----------
Initializing structure...
ldos0:, 0.0018796992481203006, 0.0009475119923000134
run 0 finished at t = 1500.0 (1500 timesteps)
[0.0009475119923000134]
69.44444444444444 nm from emitter at 127.62872824161276 degrees
-----------
Initializing structure...
ldos0:, 0.0018796992481203006, 0.0012376144172831813
run 0 finished at t = 1500.0 (1500 timesteps)
[0.0012376144172831813]
69.44444444444444 nm from emitter at 236.79337346148242 degrees
-----------
Initializing structure...
ldos0:, 0.0018796992481203006, 0.0008310559566252275
run 0 finished at t = 1500.0 (1500 timesteps)
[0.0008310559566252275]
69.44444444444444 nm from emitter at 348.6012756318342 degrees
-----------
Initializing structure...
ldos0:, 0.0018796992481203006, 0.0008068208859600173
run 0 finished at t = 1500.0 (1500 timesteps)
[0.0008068208859600173]
69.44444444444444 nm from emitter at 342.4758809120342 degrees
-----------
Initializing structure...
ldos0:, 0.0018796992481203006, 0.0009953652526251155
run 0 finished at t = 1500.0 (1500 timesteps)
[0.0009953652526251155]
69.44444444444444 nm from emitter at 256.51349070593875 degrees
-----------
Initializing structure...
ldos0:, 0.0018796992481203006, 0.0010167904215098596
run 0 finished at t = 1500.0 (1500 timesteps)
[0.0010167904215098596]
70.83333333333333 nm from emitter at 175.2988129331858 degrees
-----------
Initializing structure...
ldos0:, 0.0018796992481203006, 0.0008056998974631687
run 0 finished at t = 1500.0 (1500 timesteps)
[0.0008056998974631687]
70.83333333333333 nm from emitter at 52.96340301023871 degrees
-----------
Initializing structure...
ldos0:, 0.0018796992481203006, 0.0009822785421718227
run 0 finished at t = 1500.0 (1500 timesteps)
[0.0009822785421718227]
70.83333333333333 nm from emitter at 207.78438068446 degrees
-----------
Initializing structure...
ldos0:, 0.0018796992481203006, 0.0008209553766458997
run 0 finished at t = 1500.0 (1500 timesteps)
[0.0008209553766458997]
70.83333333333333 nm from emitter at 58.209551994356545 degrees
-----------
Initializing structure...
ldos0:, 0.0018796992481203006, 0.0009918459120057978
run 0 finished at t = 1500.0 (1500 timesteps)
[0.0009918459120057978]
70.83333333333333 nm from emitter at 35.0701416645081 degrees
-----------
Initializing structure...
ldos0:, 0.0018796992481203006, 0.0009376013593369865
run 0 finished at t = 1500.0 (1500 timesteps)
[0.0009376013593369865]
70.83333333333333 nm from emitter at 127.62872824161276 degrees
-----------
Initializing structure...
ldos0:, 0.0018796992481203006, 0.0012254131523115161
run 0 finished at t = 1500.0 (1500 timesteps)
[0.0012254131523115161]
70.83333333333333 nm from emitter at 236.79337346148242 degrees
-----------
Initializing structure...
ldos0:, 0.0018796992481203006, 0.0008364348575356083
run 0 finished at t = 1500.0 (1500 timesteps)
[0.0008364348575356083]
70.83333333333333 nm from emitter at 348.6012756318342 degrees
-----------
Initializing structure...
ldos0:, 0.0018796992481203006, 0.0008069330543799731
run 0 finished at t = 1500.0 (1500 timesteps)
[0.0008069330543799731]
70.83333333333333 nm from emitter at 342.4758809120342 degrees
-----------
Initializing structure...
ldos0:, 0.0018796992481203006, 0.0009806293617674912
run 0 finished at t = 1500.0 (1500 timesteps)
[0.0009806293617674912]
70.83333333333333 nm from emitter at 256.51349070593875 degrees
-----------
Initializing structure...
ldos0:, 0.0018796992481203006, 0.0009942133193224499
run 0 finished at t = 1500.0 (1500 timesteps)
[0.0009942133193224499]
72.22222222222223 nm from emitter at 175.2988129331858 degrees
-----------
Initializing structure...
ldos0:, 0.0018796992481203006, 0.0008057945924618796
run 0 finished at t = 1500.0 (1500 timesteps)
[0.0008057945924618796]