2
um
[[ 55.92105263  87.14831433   0.        ]
 [ 55.92105263  44.59595438   0.        ]
 [ 55.92105263 169.67448762   0.        ]
 [ 55.92105263  84.1486699    0.        ]
 [ 55.92105263   0.7138879    0.        ]
 [ 55.92105263 201.57424171   0.        ]
 [ 56.57894737  46.1522252    0.        ]
 [ 56.57894737 144.93921757   0.        ]
 [ 56.57894737 322.62034317   0.        ]
 [ 56.57894737 284.98064201   0.        ]
 [ 56.57894737  87.14831433   0.        ]
 [ 56.57894737  44.59595438   0.        ]
 [ 56.57894737 169.67448762   0.        ]
 [ 56.57894737  84.1486699    0.        ]
 [ 56.57894737   0.7138879    0.        ]
 [ 56.57894737 201.57424171   0.        ]
 [ 57.23684211  46.1522252    0.        ]
 [ 57.23684211 144.93921757   0.        ]
 [ 57.23684211 322.62034317   0.        ]
 [ 57.23684211 284.98064201   0.        ]
 [ 57.23684211  87.14831433   0.        ]
 [ 57.23684211  44.59595438   0.        ]
 [ 57.23684211 169.67448762   0.        ]
 [ 57.23684211  84.1486699    0.        ]
 [ 57.23684211   0.7138879    0.        ]
 [ 57.23684211 201.57424171   0.        ]
 [ 57.89473684  46.1522252    0.        ]
 [ 57.89473684 144.93921757   0.        ]
 [ 57.89473684 322.62034317   0.        ]
 [ 57.89473684 284.98064201   0.        ]
 [ 57.89473684  87.14831433   0.        ]
 [ 57.89473684  44.59595438   0.        ]
 [ 57.89473684 169.67448762   0.        ]
 [ 57.89473684  84.1486699    0.        ]
 [ 57.89473684   0.7138879    0.        ]
 [ 57.89473684 201.57424171   0.        ]
 [ 58.55263158  46.1522252    0.        ]
 [ 58.55263158 144.93921757   0.        ]
 [ 58.55263158 322.62034317   0.        ]
 [ 58.55263158 284.98064201   0.        ]
 [ 58.55263158  87.14831433   0.        ]
 [ 58.55263158  44.59595438   0.        ]
 [ 58.55263158 169.67448762   0.        ]
 [ 58.55263158  84.1486699    0.        ]
 [ 58.55263158   0.7138879    0.        ]
 [ 58.55263158 201.57424171   0.        ]
 [ 59.21052632  46.1522252    0.        ]]
55.921052631578945 nm from emitter at 87.14831432550625 degrees
-----------
Initializing structure...
ldos0:, 0.0018796992481203006, 0.0009898924065432101
run 0 finished at t = 1500.0 (1500 timesteps)
[0.0009898924065432101]
55.921052631578945 nm from emitter at 44.59595438343199 degrees
-----------
Initializing structure...
ldos0:, 0.0018796992481203006, 0.000950969787774813
run 0 finished at t = 1500.0 (1500 timesteps)
[0.000950969787774813]
55.921052631578945 nm from emitter at 169.67448761505338 degrees
-----------
Initializing structure...
ldos0:, 0.0018796992481203006, 0.001214995599493026
run 0 finished at t = 1500.0 (1500 timesteps)
[0.001214995599493026]
55.921052631578945 nm from emitter at 84.14866990422976 degrees
-----------
Initializing structure...
ldos0:, 0.0018796992481203006, 0.000834750466623551
run 0 finished at t = 1500.0 (1500 timesteps)
[0.000834750466623551]
55.921052631578945 nm from emitter at 0.7138879032948031 degrees
-----------
Initializing structure...
ldos0:, 0.0018796992481203006, 0.0008065561620297307
run 0 finished at t = 1500.0 (1500 timesteps)
[0.0008065561620297307]
55.921052631578945 nm from emitter at 201.57424171135503 degrees
-----------
Initializing structure...
ldos0:, 0.0018796992481203006, 0.0009901265234886758
run 0 finished at t = 1500.0 (1500 timesteps)
[0.0009901265234886758]
56.578947368421055 nm from emitter at 46.15222520407658 degrees
-----------
Initializing structure...
ldos0:, 0.0018796992481203006, 0.0010594579705006046
run 0 finished at t = 1500.0 (1500 timesteps)
[0.0010594579705006046]
56.578947368421055 nm from emitter at 144.93921757160558 degrees
-----------
Initializing structure...
ldos0:, 0.0018796992481203006, 0.0008058167441150886
run 0 finished at t = 1500.0 (1500 timesteps)
[0.0008058167441150886]
56.578947368421055 nm from emitter at 322.62034317195133 degrees
-----------
Initializing structure...
ldos0:, 0.0018796992481203006, 0.0009628371313127288
run 0 finished at t = 1500.0 (1500 timesteps)
[0.0009628371313127288]
56.578947368421055 nm from emitter at 284.98064201262514 degrees
-----------
Initializing structure...
ldos0:, 0.0018796992481203006, 0.0008199991208240125
run 0 finished at t = 1500.0 (1500 timesteps)
[0.0008199991208240125]
56.578947368421055 nm from emitter at 87.14831432550625 degrees
-----------
Initializing structure...
ldos0:, 0.0018796992481203006, 0.0009887796887535472
run 0 finished at t = 1500.0 (1500 timesteps)
[0.0009887796887535472]
56.578947368421055 nm from emitter at 44.59595438343199 degrees
-----------
Initializing structure...
ldos0:, 0.0018796992481203006, 0.0009475119923000134
run 0 finished at t = 1500.0 (1500 timesteps)
[0.0009475119923000134]
56.578947368421055 nm from emitter at 169.67448761505338 degrees
-----------
Initializing structure...
ldos0:, 0.0018796992481203006, 0.0012376144172831813
run 0 finished at t = 1500.0 (1500 timesteps)
[0.0012376144172831813]
56.578947368421055 nm from emitter at 84.14866990422976 degrees
-----------
Initializing structure...
ldos0:, 0.0018796992481203006, 0.0008310559566252275
run 0 finished at t = 1500.0 (1500 timesteps)
[0.0008310559566252275]
56.578947368421055 nm from emitter at 0.7138879032948031 degrees
-----------
Initializing structure...
ldos0:, 0.0018796992481203006, 0.0008068208859600173
run 0 finished at t = 1500.0 (1500 timesteps)
[0.0008068208859600173]
56.578947368421055 nm from emitter at 201.57424171135503 degrees
-----------
Initializing structure...
ldos0:, 0.0018796992481203006, 0.0009953652526251155
run 0 finished at t = 1500.0 (1500 timesteps)
[0.0009953652526251155]
57.23684210526316 nm from emitter at 46.15222520407658 degrees
-----------
Initializing structure...
ldos0:, 0.0018796992481203006, 0.0010167904215098596
run 0 finished at t = 1500.0 (1500 timesteps)
[0.0010167904215098596]
57.23684210526316 nm from emitter at 144.93921757160558 degrees
-----------
Initializing structure...
ldos0:, 0.0018796992481203006, 0.0008056998974631687
run 0 finished at t = 1500.0 (1500 timesteps)
[0.0008056998974631687]
57.23684210526316 nm from emitter at 322.62034317195133 degrees
-----------
Initializing structure...
ldos0:, 0.0018796992481203006, 0.0009822785421718227
run 0 finished at t = 1500.0 (1500 timesteps)
[0.0009822785421718227]
57.23684210526316 nm from emitter at 284.98064201262514 degrees
-----------
Initializing structure...
ldos0:, 0.0018796992481203006, 0.0008209553766458997
run 0 finished at t = 1500.0 (1500 timesteps)
[0.0008209553766458997]
57.23684210526316 nm from emitter at 87.14831432550625 degrees
-----------
Initializing structure...
ldos0:, 0.0018796992481203006, 0.0009918459120057978
run 0 finished at t = 1500.0 (1500 timesteps)
[0.0009918459120057978]
57.23684210526316 nm from emitter at 44.59595438343199 degrees
-----------
Initializing structure...
ldos0:, 0.0018796992481203006, 0.0009376013593369865
run 0 finished at t = 1500.0 (1500 timesteps)
[0.0009376013593369865]
57.23684210526316 nm from emitter at 169.67448761505338 degrees
-----------
Initializing structure...
ldos0:, 0.0018796992481203006, 0.0012254131523115161
run 0 finished at t = 1500.0 (1500 timesteps)
[0.0012254131523115161]
57.23684210526316 nm from emitter at 84.14866990422976 degrees
-----------
Initializing structure...
ldos0:, 0.0018796992481203006, 0.0008364348575356083
run 0 finished at t = 1500.0 (1500 timesteps)
[0.0008364348575356083]
57.23684210526316 nm from emitter at 0.7138879032948031 degrees
-----------
Initializing structure...
ldos0:, 0.0018796992481203006, 0.0008069330543799731
run 0 finished at t = 1500.0 (1500 timesteps)
[0.0008069330543799731]
57.23684210526316 nm from emitter at 201.57424171135503 degrees
-----------
Initializing structure...
ldos0:, 0.0018796992481203006, 0.0009806293617674912
run 0 finished at t = 1500.0 (1500 timesteps)
[0.0009806293617674912]
57.89473684210526 nm from emitter at 46.15222520407658 degrees
-----------
Initializing structure...
ldos0:, 0.0018796992481203006, 0.0009942133193224499
run 0 finished at t = 1500.0 (1500 timesteps)
[0.0009942133193224499]
57.89473684210526 nm from emitter at 144.93921757160558 degrees
-----------
Initializing structure...
ldos0:, 0.0018796992481203006, 0.0008057945924618796