3
um
[[ 59.21052632  90.54103033   0.        ]
 [ 59.21052632 179.59471229   0.        ]
 [ 59.21052632 256.87213613   0.        ]
 [ 59.21052632 146.10838234   0.        ]
 [ 59.21052632 161.28621487   0.        ]
 [ 59.21052632  50.45746517   0.        ]
 [ 59.21052632 325.35056512   0.        ]
 [ 59.21052632 105.85892556   0.        ]
 [ 59.21052632  87.56175875   0.        ]
 [ 59.86842105 107.0640484    0.        ]
 [ 59.86842105  90.54103033   0.        ]
 [ 59.86842105 179.59471229   0.        ]
 [ 59.86842105 256.87213613   0.        ]
 [ 59.86842105 146.10838234   0.        ]
 [ 59.86842105 161.28621487   0.        ]
 [ 59.86842105  50.45746517   0.        ]
 [ 59.86842105 325.35056512   0.        ]
 [ 59.86842105 105.85892556   0.        ]
 [ 59.86842105  87.56175875   0.        ]
 [ 60.52631579 107.0640484    0.        ]
 [ 60.52631579  90.54103033   0.        ]
 [ 60.52631579 179.59471229   0.        ]
 [ 60.52631579 256.87213613   0.        ]
 [ 60.52631579 146.10838234   0.        ]
 [ 60.52631579 161.28621487   0.        ]
 [ 60.52631579  50.45746517   0.        ]
 [ 60.52631579 325.35056512   0.        ]
 [ 60.52631579 105.85892556   0.        ]
 [ 60.52631579  87.56175875   0.        ]
 [ 61.18421053 107.0640484    0.        ]
 [ 61.18421053  90.54103033   0.        ]
 [ 61.18421053 179.59471229   0.        ]
 [ 61.18421053 256.87213613   0.        ]
 [ 61.18421053 146.10838234   0.        ]
 [ 61.18421053 161.28621487   0.        ]
 [ 61.18421053  50.45746517   0.        ]
 [ 61.18421053 325.35056512   0.        ]
 [ 61.18421053 105.85892556   0.        ]
 [ 61.18421053  87.56175875   0.        ]
 [ 61.84210526 107.0640484    0.        ]
 [ 61.84210526  90.54103033   0.        ]
 [ 61.84210526 179.59471229   0.        ]
 [ 61.84210526 256.87213613   0.        ]
 [ 61.84210526 146.10838234   0.        ]
 [ 61.84210526 161.28621487   0.        ]
 [ 61.84210526  50.45746517   0.        ]]
59.21052631578947 nm from emitter at 90.54103032538727 degrees
-----------
Initializing structure...
ldos0:, 0.0018796992481203006, 0.0009898924065432101
run 0 finished at t = 1500.0 (1500 timesteps)
[0.0009898924065432101]
59.21052631578947 nm from emitter at 179.59471229483358 degrees
-----------
Initializing structure...
ldos0:, 0.0018796992481203006, 0.000950969787774813
run 0 finished at t = 1500.0 (1500 timesteps)
[0.000950969787774813]
59.21052631578947 nm from emitter at 256.87213612691477 degrees
-----------
Initializing structure...
ldos0:, 0.0018796992481203006, 0.001214995599493026
run 0 finished at t = 1500.0 (1500 timesteps)
[0.001214995599493026]
59.21052631578947 nm from emitter at 146.10838233992814 degrees
-----------
Initializing structure...
ldos0:, 0.0018796992481203006, 0.000834750466623551
run 0 finished at t = 1500.0 (1500 timesteps)
[0.000834750466623551]
59.21052631578947 nm from emitter at 161.28621487393264 degrees
-----------
Initializing structure...
ldos0:, 0.0018796992481203006, 0.0008065561620297307
run 0 finished at t = 1500.0 (1500 timesteps)
[0.0008065561620297307]
59.21052631578947 nm from emitter at 50.45746517366516 degrees
-----------
Initializing structure...
ldos0:, 0.0018796992481203006, 0.0009901265234886758
run 0 finished at t = 1500.0 (1500 timesteps)
[0.0009901265234886758]
59.21052631578947 nm from emitter at 325.3505651192964 degrees
-----------
Initializing structure...
ldos0:, 0.0018796992481203006, 0.0010594579705006046
run 0 finished at t = 1500.0 (1500 timesteps)
[0.0010594579705006046]
59.21052631578947 nm from emitter at 105.85892556427295 degrees
-----------
Initializing structure...
ldos0:, 0.0018796992481203006, 0.0008058167441150886
run 0 finished at t = 1500.0 (1500 timesteps)
[0.0008058167441150886]
59.21052631578947 nm from emitter at 87.56175874615874 degrees
-----------
Initializing structure...
ldos0:, 0.0018796992481203006, 0.0009628371313127288
run 0 finished at t = 1500.0 (1500 timesteps)
[0.0009628371313127288]
59.868421052631575 nm from emitter at 107.06404840065449 degrees
-----------
Initializing structure...
ldos0:, 0.0018796992481203006, 0.0008199991208240125
run 0 finished at t = 1500.0 (1500 timesteps)
[0.0008199991208240125]
59.868421052631575 nm from emitter at 90.54103032538727 degrees
-----------
Initializing structure...
ldos0:, 0.0018796992481203006, 0.0009887796887535472
run 0 finished at t = 1500.0 (1500 timesteps)
[0.0009887796887535472]
59.868421052631575 nm from emitter at 179.59471229483358 degrees
-----------
Initializing structure...
ldos0:, 0.0018796992481203006, 0.0009475119923000134
run 0 finished at t = 1500.0 (1500 timesteps)
[0.0009475119923000134]
59.868421052631575 nm from emitter at 256.87213612691477 degrees
-----------
Initializing structure...
ldos0:, 0.0018796992481203006, 0.0012376144172831813
run 0 finished at t = 1500.0 (1500 timesteps)
[0.0012376144172831813]
59.868421052631575 nm from emitter at 146.10838233992814 degrees
-----------
Initializing structure...
ldos0:, 0.0018796992481203006, 0.0008310559566252275
run 0 finished at t = 1500.0 (1500 timesteps)
[0.0008310559566252275]
59.868421052631575 nm from emitter at 161.28621487393264 degrees
-----------
Initializing structure...
ldos0:, 0.0018796992481203006, 0.0008068208859600173
run 0 finished at t = 1500.0 (1500 timesteps)
[0.0008068208859600173]
59.868421052631575 nm from emitter at 50.45746517366516 degrees
-----------
Initializing structure...
ldos0:, 0.0018796992481203006, 0.0009953652526251155
run 0 finished at t = 1500.0 (1500 timesteps)
[0.0009953652526251155]
59.868421052631575 nm from emitter at 325.3505651192964 degrees
-----------
Initializing structure...
ldos0:, 0.0018796992481203006, 0.0010167904215098596
run 0 finished at t = 1500.0 (1500 timesteps)
[0.0010167904215098596]
59.868421052631575 nm from emitter at 105.85892556427295 degrees
-----------
Initializing structure...
ldos0:, 0.0018796992481203006, 0.0008056998974631687
run 0 finished at t = 1500.0 (1500 timesteps)
[0.0008056998974631687]
59.868421052631575 nm from emitter at 87.56175874615874 degrees
-----------
Initializing structure...
ldos0:, 0.0018796992481203006, 0.0009822785421718227
run 0 finished at t = 1500.0 (1500 timesteps)
[0.0009822785421718227]
60.526315789473685 nm from emitter at 107.06404840065449 degrees
-----------
Initializing structure...
ldos0:, 0.0018796992481203006, 0.0008209553766458997
run 0 finished at t = 1500.0 (1500 timesteps)
[0.0008209553766458997]
60.526315789473685 nm from emitter at 90.54103032538727 degrees
-----------
Initializing structure...
ldos0:, 0.0018796992481203006, 0.0009918459120057978
run 0 finished at t = 1500.0 (1500 timesteps)
[0.0009918459120057978]
60.526315789473685 nm from emitter at 179.59471229483358 degrees
-----------
Initializing structure...
ldos0:, 0.0018796992481203006, 0.0009376013593369865
run 0 finished at t = 1500.0 (1500 timesteps)
[0.0009376013593369865]
60.526315789473685 nm from emitter at 256.87213612691477 degrees
-----------
Initializing structure...
ldos0:, 0.0018796992481203006, 0.0012254131523115161
run 0 finished at t = 1500.0 (1500 timesteps)
[0.0012254131523115161]
60.526315789473685 nm from emitter at 146.10838233992814 degrees
-----------
Initializing structure...
ldos0:, 0.0018796992481203006, 0.0008364348575356083
run 0 finished at t = 1500.0 (1500 timesteps)
[0.0008364348575356083]
60.526315789473685 nm from emitter at 161.28621487393264 degrees
-----------
Initializing structure...
ldos0:, 0.0018796992481203006, 0.0008069330543799731
run 0 finished at t = 1500.0 (1500 timesteps)
[0.0008069330543799731]
60.526315789473685 nm from emitter at 50.45746517366516 degrees
-----------
Initializing structure...
ldos0:, 0.0018796992481203006, 0.0009806293617674912
run 0 finished at t = 1500.0 (1500 timesteps)
[0.0009806293617674912]
60.526315789473685 nm from emitter at 325.3505651192964 degrees
-----------
Initializing structure...
ldos0:, 0.0018796992481203006, 0.0009942133193224499
run 0 finished at t = 1500.0 (1500 timesteps)
[0.0009942133193224499]
60.526315789473685 nm from emitter at 105.85892556427295 degrees
-----------
Initializing structure...
ldos0:, 0.0018796992481203006, 0.0008057945924618796
run 0 finished at t = 1500.0 (1500 timesteps)