7
um
[[ 87.5        249.08470269   0.        ]
 [ 87.5        102.79516266   0.        ]
 [ 87.5        116.4998825    0.        ]
 [ 87.5        230.91709141   0.        ]
 [ 87.5        170.73937139   0.        ]
 [ 90.625      281.01734183   0.        ]
 [ 90.625      353.73371456   0.        ]
 [ 90.625      205.87103999   0.        ]
 [ 90.625       13.28252819   0.        ]
 [ 90.625      134.69117733   0.        ]
 [ 90.625      249.08470269   0.        ]
 [ 90.625      102.79516266   0.        ]
 [ 90.625      116.4998825    0.        ]
 [ 90.625      230.91709141   0.        ]
 [ 90.625      170.73937139   0.        ]
 [ 93.75       281.01734183   0.        ]
 [ 93.75       353.73371456   0.        ]
 [ 93.75       205.87103999   0.        ]
 [ 93.75        13.28252819   0.        ]
 [ 93.75       134.69117733   0.        ]
 [ 93.75       249.08470269   0.        ]
 [ 93.75       102.79516266   0.        ]
 [ 93.75       116.4998825    0.        ]
 [ 93.75       230.91709141   0.        ]
 [ 93.75       170.73937139   0.        ]
 [ 96.875      281.01734183   0.        ]
 [ 96.875      353.73371456   0.        ]
 [ 96.875      205.87103999   0.        ]
 [ 96.875       13.28252819   0.        ]
 [ 96.875      134.69117733   0.        ]
 [ 96.875      249.08470269   0.        ]
 [ 96.875      102.79516266   0.        ]
 [ 96.875      116.4998825    0.        ]
 [ 96.875      230.91709141   0.        ]
 [ 96.875      170.73937139   0.        ]
 [100.         281.01734183   0.        ]
 [100.         353.73371456   0.        ]
 [100.         205.87103999   0.        ]
 [100.          13.28252819   0.        ]
 [100.         134.69117733   0.        ]
 [100.         249.08470269   0.        ]
 [100.         102.79516266   0.        ]
 [100.         116.4998825    0.        ]
 [100.         230.91709141   0.        ]
 [100.         170.73937139   0.        ]
 [  0.           0.           1.        ]]
87.5 nm from emitter at 249.0847026943247 degrees
-----------
Initializing structure...
ldos0:, 0.0018796992481203006, 0.0009898924065432101
run 0 finished at t = 1500.0 (1500 timesteps)
[0.0009898924065432101]
87.5 nm from emitter at 102.79516266084265 degrees
-----------
Initializing structure...
ldos0:, 0.0018796992481203006, 0.000950969787774813
run 0 finished at t = 1500.0 (1500 timesteps)
[0.000950969787774813]
87.5 nm from emitter at 116.49988249955786 degrees
-----------
Initializing structure...
ldos0:, 0.0018796992481203006, 0.001214995599493026
run 0 finished at t = 1500.0 (1500 timesteps)
[0.001214995599493026]
87.5 nm from emitter at 230.91709141261754 degrees
-----------
Initializing structure...
ldos0:, 0.0018796992481203006, 0.000834750466623551
run 0 finished at t = 1500.0 (1500 timesteps)
[0.000834750466623551]
87.5 nm from emitter at 170.73937138788722 degrees
-----------
Initializing structure...
ldos0:, 0.0018796992481203006, 0.0008065561620297307
run 0 finished at t = 1500.0 (1500 timesteps)
[0.0008065561620297307]
90.625 nm from emitter at 281.0173418330834 degrees
-----------
Initializing structure...
ldos0:, 0.0018796992481203006, 0.0009901265234886758
run 0 finished at t = 1500.0 (1500 timesteps)
[0.0009901265234886758]
90.625 nm from emitter at 353.73371455549596 degrees
-----------
Initializing structure...
ldos0:, 0.0018796992481203006, 0.0010594579705006046
run 0 finished at t = 1500.0 (1500 timesteps)
[0.0010594579705006046]
90.625 nm from emitter at 205.87103998993845 degrees
-----------
Initializing structure...
ldos0:, 0.0018796992481203006, 0.0008058167441150886
run 0 finished at t = 1500.0 (1500 timesteps)
[0.0008058167441150886]
90.625 nm from emitter at 13.28252819032748 degrees
-----------
Initializing structure...
ldos0:, 0.0018796992481203006, 0.0009628371313127288
run 0 finished at t = 1500.0 (1500 timesteps)
[0.0009628371313127288]
90.625 nm from emitter at 134.691177334734 degrees
-----------
Initializing structure...
ldos0:, 0.0018796992481203006, 0.0008199991208240125
run 0 finished at t = 1500.0 (1500 timesteps)
[0.0008199991208240125]
90.625 nm from emitter at 249.0847026943247 degrees
-----------
Initializing structure...
ldos0:, 0.0018796992481203006, 0.0009887796887535472
run 0 finished at t = 1500.0 (1500 timesteps)
[0.0009887796887535472]
90.625 nm from emitter at 102.79516266084265 degrees
-----------
Initializing structure...
ldos0:, 0.0018796992481203006, 0.0009475119923000134
run 0 finished at t = 1500.0 (1500 timesteps)
[0.0009475119923000134]
90.625 nm from emitter at 116.49988249955786 degrees
-----------
Initializing structure...
ldos0:, 0.0018796992481203006, 0.0012376144172831813
run 0 finished at t = 1500.0 (1500 timesteps)
[0.0012376144172831813]
90.625 nm from emitter at 230.91709141261754 degrees
-----------
Initializing structure...
ldos0:, 0.0018796992481203006, 0.0008310559566252275
run 0 finished at t = 1500.0 (1500 timesteps)
[0.0008310559566252275]
90.625 nm from emitter at 170.73937138788722 degrees
-----------
Initializing structure...
ldos0:, 0.0018796992481203006, 0.0008068208859600173
run 0 finished at t = 1500.0 (1500 timesteps)
[0.0008068208859600173]
93.75 nm from emitter at 281.0173418330834 degrees
-----------
Initializing structure...
ldos0:, 0.0018796992481203006, 0.0009953652526251155
run 0 finished at t = 1500.0 (1500 timesteps)
[0.0009953652526251155]
93.75 nm from emitter at 353.73371455549596 degrees
-----------
Initializing structure...
ldos0:, 0.0018796992481203006, 0.0010167904215098596
run 0 finished at t = 1500.0 (1500 timesteps)
[0.0010167904215098596]
93.75 nm from emitter at 205.87103998993845 degrees
-----------
Initializing structure...
ldos0:, 0.0018796992481203006, 0.0008056998974631687
run 0 finished at t = 1500.0 (1500 timesteps)
[0.0008056998974631687]
93.75 nm from emitter at 13.28252819032748 degrees
-----------
Initializing structure...
ldos0:, 0.0018796992481203006, 0.0009822785421718227
run 0 finished at t = 1500.0 (1500 timesteps)
[0.0009822785421718227]
93.75 nm from emitter at 134.691177334734 degrees
-----------
Initializing structure...
ldos0:, 0.0018796992481203006, 0.0008209553766458997
run 0 finished at t = 1500.0 (1500 timesteps)
[0.0008209553766458997]
93.75 nm from emitter at 249.0847026943247 degrees
-----------
Initializing structure...
ldos0:, 0.0018796992481203006, 0.0009918459120057978
run 0 finished at t = 1500.0 (1500 timesteps)
[0.0009918459120057978]
93.75 nm from emitter at 102.79516266084265 degrees
-----------
Initializing structure...
ldos0:, 0.0018796992481203006, 0.0009376013593369865
run 0 finished at t = 1500.0 (1500 timesteps)
[0.0009376013593369865]
93.75 nm from emitter at 116.49988249955786 degrees
-----------
Initializing structure...
ldos0:, 0.0018796992481203006, 0.0012254131523115161
run 0 finished at t = 1500.0 (1500 timesteps)
[0.0012254131523115161]
93.75 nm from emitter at 230.91709141261754 degrees
-----------
Initializing structure...
ldos0:, 0.0018796992481203006, 0.0008364348575356083
run 0 finished at t = 1500.0 (1500 timesteps)
[0.0008364348575356083]
93.75 nm from emitter at 170.73937138788722 degrees
-----------
Initializing structure...
ldos0:, 0.0018796992481203006, 0.0008069330543799731
run 0 finished at t = 1500.0 (1500 timesteps)
[0.0008069330543799731]
96.875 nm from emitter at 281.0173418330834 degrees
-----------
Initializing structure...
ldos0:, 0.0018796992481203006, 0.0009806293617674912
run 0 finished at t = 1500.0 (1500 timesteps)
[0.0009806293617674912]
96.875 nm from emitter at 353.73371455549596 degrees
-----------
Initializing structure...
ldos0:, 0.0018796992481203006, 0.0009942133193224499
run 0 finished at t = 1500.0 (1500 timesteps)
[0.0009942133193224499]
96.875 nm from emitter at 205.87103998993845 degrees
-----------
Initializing structure...
ldos0:, 0.0018796992481203006, 0.0008057945924618796
run 0 finished at t = 1500.0 (1500 timesteps)
[0.0008057945924618796]
96.875 nm from emitter at 13.28252819032748 degrees
-----------
Initializing structure...
ldos0:, 0.0018796992481203006, 0.0009709782688386225
run 0 finished at t = 1500.0 (1500 timesteps)
[0.0009709782688386225]
96.875 nm from emitter at 134.691177334734 degrees
-----------
Initializing structure...