1.0
-----------
Initializing structure...
time for choose_chunkdivision = 0.00453806 s
Working in 2D dimensions.
Computational cell is 500 x 500 x 0 with resolution 5
     block, center = (1,0,0)
          size (12,1e+20,1e+20)
          axes (1,0,0), (0,1,0), (0,0,1)
          dielectric constant epsilon diagonal = (2.67,2.67,2.67)
     block, center = (13,0,0)
          size (10,1e+20,1e+20)
          axes (1,0,0), (0,1,0), (0,0,1)
          dielectric constant epsilon diagonal = (0.43,0.43,0.43)
     block, center = (23,0,0)
          size (12,1e+20,1e+20)
          axes (1,0,0), (0,1,0), (0,0,1)
          dielectric constant epsilon diagonal = (2.67,2.67,2.67)
     block, center = (35,0,0)
          size (10,1e+20,1e+20)
          axes (1,0,0), (0,1,0), (0,0,1)
          dielectric constant epsilon diagonal = (0.43,0.43,0.43)
     block, center = (45,0,0)
          size (12,1e+20,1e+20)
          axes (1,0,0), (0,1,0), (0,0,1)
          dielectric constant epsilon diagonal = (2.67,2.67,2.67)
     block, center = (57,0,0)
          size (10,1e+20,1e+20)
          axes (1,0,0), (0,1,0), (0,0,1)
          dielectric constant epsilon diagonal = (0.43,0.43,0.43)
     block, center = (67,0,0)
          size (12,1e+20,1e+20)
          axes (1,0,0), (0,1,0), (0,0,1)
          dielectric constant epsilon diagonal = (2.67,2.67,2.67)
     block, center = (79,0,0)
          size (10,1e+20,1e+20)
          axes (1,0,0), (0,1,0), (0,0,1)
          dielectric constant epsilon diagonal = (0.43,0.43,0.43)
subpixel-averaging is 87.9394% done, 0.54864 s remaining
subpixel-averaging is 89.3635% done, 0.47613 s remaining
subpixel-averaging is 66.0435% done, 2.05769 s remaining
time for set_epsilon = 37.1793 s
time for set_conductivity = 1.16023 s
time for set_conductivity = 1.27413 s
time for set_conductivity = 1.65781 s
-----------
Meep progress: 0.02/5.0 = 0.4% done in 4.3s, 1066.1s to go
on time step 2 (time=0.02), 2.14085 s/step
Meep progress: 0.07/5.0 = 1.4% done in 8.5s, 599.9s to go
on time step 7 (time=0.07), 0.847248 s/step
Meep progress: 0.11/5.0 = 2.2% done in 12.6s, 559.0s to go
on time step 11 (time=0.11), 1.0138 s/step
